----------------------------------------
[INFO]    2020/11/09 21:42:16 [SUCCES] || get project configuration from ./config.yaml
[INFO]    2020/11/09 21:42:18 [SUCCES] || init database postgres
----------------------------------------
[INFO]    2020/11/09 22:09:55 [SUCCES] || get project configuration from ./config.yaml
[INFO]    2020/11/09 22:09:56 [SUCCES] || init database postgres
----------------------------------------
[INFO]    2020/11/09 22:11:07 [SUCCES] || get project configuration from ./config.yaml
[INFO]    2020/11/09 22:11:09 [SUCCES] || init database postgres
----------------------------------------
[INFO]    2020/11/09 22:11:28 [SUCCES] || get project configuration from ./config.yaml
[INFO]    2020/11/09 22:11:29 [SUCCES] || init database postgres
----------------------------------------
[INFO]    2020/11/09 22:12:15 [SUCCES] || get project configuration from ./config.yaml
[INFO]    2020/11/09 22:12:16 [SUCCES] || init database postgres
----------------------------------------
[INFO]    2020/11/09 22:13:20 [SUCCES] || get project configuration from ./config.yaml
----------------------------------------
[INFO]    2020/11/09 22:14:38 [SUCCES] || get project configuration from ./config.yaml
[INFO]    2020/11/09 22:14:39 [SUCCES] || init database postgres
----------------------------------------
[INFO]    2020/11/09 22:28:49 [SUCCES] || get project configuration from ./config.yaml
[INFO]    2020/11/09 22:28:53 [SUCCES] || init database postgres
----------------------------------------
[INFO]    2020/11/09 22:29:44 [SUCCES] || get project configuration from ./config.yaml
[INFO]    2020/11/09 22:29:45 [SUCCES] || init database postgres
----------------------------------------
[INFO]    2020/11/09 22:29:52 [SUCCES] || get project configuration from ./config.yaml
[INFO]    2020/11/09 22:29:53 [SUCCES] || init database postgres
----------------------------------------
[INFO]    2020/11/09 22:33:26 [SUCCES] || get project configuration from ./config.yaml
[INFO]    2020/11/09 22:33:27 [SUCCES] || init database postgres
----------------------------------------
[INFO]    2020/11/09 22:34:20 [SUCCES] || get project configuration from ./config.yaml
[INFO]    2020/11/09 22:34:22 [SUCCES] || init database postgres
----------------------------------------
[INFO]    2020/11/09 22:35:00 [SUCCES] || get project configuration from ./config.yaml
[INFO]    2020/11/09 22:35:01 [SUCCES] || init database postgres
[INFO]    2020/11/09 22:35:01 [SUCCES] || group[0].id = 200132006
----------------------------------------
[INFO]    2020/11/09 22:36:25 [SUCCES] || get project configuration from ./config.yaml
[INFO]    2020/11/09 22:36:26 [SUCCES] || init database postgres
[INFO]    2020/11/09 22:36:26 [SUCCES] || group[200132006].name test_bot
----------------------------------------
[INFO]    2020/11/09 22:36:47 [SUCCES] || get project configuration from ./config.yaml
[INFO]    2020/11/09 22:36:48 [SUCCES] || init database postgres
[INFO]    2020/11/09 22:36:48 [SUCCES] || group[200132006] test_bot
----------------------------------------
[INFO]    2020/11/09 22:58:45 [SUCCES] || get project configuration from ./config.yaml
[INFO]    2020/11/09 22:58:46 [SUCCES] || init database postgres
[INFO]    2020/11/09 22:58:46 [SUCCES] || group[200132006] test_bot
----------------------------------------
[INFO]    2020/11/09 22:59:51 [SUCCES] || get project configuration from ./config.yaml
[INFO]    2020/11/09 22:59:52 [SUCCES] || init database postgres
[INFO]    2020/11/09 22:59:52 [SUCCES] || group[200132006] test_bot
[INFO]    2020/11/09 23:00:30 [MESS]   || from: 205818633, text: sa,dfm, payload: 
[INFO]    2020/11/09 23:01:01 [MESS]   || from: 205818633, text: sdjf, payload: 
----------------------------------------
[INFO]    2020/11/09 23:03:52 [SUCCES] || get project configuration from ./config.yaml
[INFO]    2020/11/09 23:03:52 [SUCCES] || init database postgres
[INFO]    2020/11/09 23:03:52 [SUCCES] || group[200132006] test_bot
[INFO]    2020/11/09 23:03:53 [SUCCES] || start long poll in 200132006
----------------------------------------
[INFO]    2020/11/09 23:08:14 [SUCCES] || get project configuration from ./config.yaml
[INFO]    2020/11/09 23:08:15 [SUCCES] || init database postgres
[INFO]    2020/11/09 23:08:15 [SUCCES] || group[200132006] test_bot
[INFO]    2020/11/09 23:08:19 [MESS]   || user[205818633] 205818633
[INFO]    2020/11/09 23:10:04 [MESS]   || user[179226330] 179226330
----------------------------------------
[INFO]    2020/11/09 23:13:24 [SUCCES] || get project configuration from ./config.yaml
[INFO]    2020/11/09 23:13:25 [SUCCES] || init database postgres
[INFO]    2020/11/09 23:13:25 [SUCCES] || group[200132006] test_bot
[INFO]    2020/11/09 23:13:36 [MESS]   || user[205818633] ,smdf
----------------------------------------
[INFO]    2020/11/09 23:15:32 [SUCCES] || get project configuration from ./config.yaml
[INFO]    2020/11/09 23:15:33 [SUCCES] || init database postgres
[INFO]    2020/11/09 23:15:33 [SUCCES] || group[200132006] test_bot
----------------------------------------
[INFO]    2020/11/09 23:21:06 [SUCCES] || get project configuration from ./config.yaml
[INFO]    2020/11/09 23:21:07 [SUCCES] || init database postgres
[INFO]    2020/11/09 23:21:07 [SUCCES] || group[200132006] test_bot
[INFO]    2020/11/09 23:21:07 [SUCCES] || start long poll in 200132006
[INFO]    2020/11/09 23:21:07 [SUCCES] || start long poll in 200132006
[INFO]    2020/11/09 23:21:07 [SUCCES] || start long poll in 200132006
[INFO]    2020/11/09 23:21:07 [SUCCES] || start long poll in 200132006
[INFO]    2020/11/09 23:21:07 [SUCCES] || start long poll in 200132006
[INFO]    2020/11/09 23:21:07 [SUCCES] || start long poll in 200132006
[INFO]    2020/11/09 23:21:07 [SUCCES] || start long poll in 200132006
[INFO]    2020/11/09 23:21:07 [SUCCES] || start long poll in 200132006
----------------------------------------
[INFO]    2020/11/09 23:23:03 [SUCCES] || get project configuration from ./config.yaml
[INFO]    2020/11/09 23:23:04 [SUCCES] || init database postgres
[INFO]    2020/11/09 23:23:04 [SUCCES] || group[200132006] test_bot
[INFO]    2020/11/09 23:23:04 [SUCCES] || group[200132006] start 8 long poll
[INFO]    2020/11/09 23:23:04 [SUCCES] || group[200132006] start 8 long poll
[INFO]    2020/11/09 23:23:04 [SUCCES] || group[200132006] start 8 long poll
[INFO]    2020/11/09 23:23:04 [SUCCES] || group[200132006] start 8 long poll
[INFO]    2020/11/09 23:23:04 [SUCCES] || group[200132006] start 8 long poll
[INFO]    2020/11/09 23:23:04 [SUCCES] || group[200132006] start 8 long poll
[INFO]    2020/11/09 23:23:04 [SUCCES] || group[200132006] start 8 long poll
[INFO]    2020/11/09 23:23:04 [SUCCES] || group[200132006] start 8 long poll
----------------------------------------
[INFO]    2020/11/09 23:23:41 [SUCCES] || get project configuration from ./config.yaml
[INFO]    2020/11/09 23:23:42 [SUCCES] || init database postgres
[INFO]    2020/11/09 23:23:42 [SUCCES] || group[200132006] test_bot
[INFO]    2020/11/09 23:23:42 [SUCCES] || group[200132006] start 7 long poll
[INFO]    2020/11/09 23:23:42 [SUCCES] || group[200132006] start 2 long poll
[INFO]    2020/11/09 23:23:42 [SUCCES] || group[200132006] start 5 long poll
[INFO]    2020/11/09 23:23:42 [SUCCES] || group[200132006] start 3 long poll
[INFO]    2020/11/09 23:23:42 [SUCCES] || group[200132006] start 0 long poll
[INFO]    2020/11/09 23:23:42 [SUCCES] || group[200132006] start 4 long poll
[INFO]    2020/11/09 23:23:42 [SUCCES] || group[200132006] start 1 long poll
[INFO]    2020/11/09 23:23:42 [SUCCES] || group[200132006] start 6 long poll
[INFO]    2020/11/09 23:24:03 [MESS]   || user[205818633] skadjf
[INFO]    2020/11/09 23:24:03 [MESS]   || user[205818633] skadjf
[INFO]    2020/11/09 23:24:03 [MESS]   || user[205818633] skadjf
[INFO]    2020/11/09 23:24:03 [MESS]   || user[205818633] skadjf
[INFO]    2020/11/09 23:24:03 [MESS]   || user[205818633] skadjf
[INFO]    2020/11/09 23:24:03 [MESS]   || user[205818633] skadjf
[INFO]    2020/11/09 23:24:03 [MESS]   || user[205818633] skadjf
[INFO]    2020/11/09 23:24:03 [MESS]   || user[205818633] skadjf
----------------------------------------
[INFO]    2020/11/09 23:26:40 [SUCCES] || get project configuration from ./config.yaml
[INFO]    2020/11/09 23:26:41 [SUCCES] || init database postgres
[INFO]    2020/11/09 23:26:41 [SUCCES] || group[200132006] test_bot
[INFO]    2020/11/09 23:26:41 [SUCCES] || group[200132006] start long poll
[INFO]    2020/11/09 23:26:48 [MESS]   || user[205818633] km
[INFO]    2020/11/09 23:26:51 [MESS]   || user[205818633] skdlmf
----------------------------------------
[INFO]    2020/11/09 23:30:57 [SUCCES] || get project configuration from ./config.yaml
[INFO]    2020/11/09 23:30:58 [SUCCES] || init database postgres
----------------------------------------
[INFO]    2020/11/09 23:32:16 [SUCCES] || get project configuration from ./config.yaml
[INFO]    2020/11/09 23:32:16 [SUCCES] || init database postgres
[ERROR]   2020/11/09 23:32:17 [DBERR]  || could`t not drop bot_users table. Reason: pq: table "bot_users" does not exist
----------------------------------------
[INFO]    2020/11/09 23:34:33 [SUCCES] || get project configuration from ./config.yaml
[INFO]    2020/11/09 23:34:33 [SUCCES] || init database postgres
[WARNING] 2020/11/09 23:34:34 could`t not drop bot_users table. Reason: pq: table "bot_users" does not exist
[INFO]    2020/11/09 23:34:34 [DB]     || create bot_users table
[INFO]    2020/11/09 23:34:34 [SUCCES] || group[200132006] test_bot
[INFO]    2020/11/09 23:34:34 [SUCCES] || group[200132006] start long poll
----------------------------------------
[INFO]    2020/11/09 23:35:13 [SUCCES] || get project configuration from ./config.yaml
[INFO]    2020/11/09 23:35:13 [SUCCES] || init database postgres
----------------------------------------
[INFO]    2020/11/09 23:35:42 [SUCCES] || get project configuration from ./config.yaml
[INFO]    2020/11/09 23:35:42 [SUCCES] || init database postgres
[WARNING] 2020/11/09 23:35:43 could`t not drop bot_users table. Reason: pq: table "bot_users" does not exist
[INFO]    2020/11/09 23:35:43 [DB]     || create bot_users table
[INFO]    2020/11/09 23:35:43 [SUCCES] || group[200132006] test_bot
[INFO]    2020/11/09 23:35:43 [SUCCES] || group[200132006] start long poll
----------------------------------------
[INFO]    2020/11/09 23:36:16 [SUCCES] || get project configuration from ./config.yaml
[INFO]    2020/11/09 23:36:16 [SUCCES] || init database postgres
----------------------------------------
[INFO]    2020/11/09 23:36:22 [SUCCES] || get project configuration from ./config.yaml
[INFO]    2020/11/09 23:36:22 [SUCCES] || init database postgres
[WARNING] 2020/11/09 23:36:23 could`t not drop bot_users table. Reason: pq: table "bot_users" does not exist
[INFO]    2020/11/09 23:36:23 [DB]     || create bot_users table
[INFO]    2020/11/09 23:36:23 [SUCCES] || group[200132006] test_bot
[INFO]    2020/11/09 23:36:23 [SUCCES] || group[200132006] start long poll
----------------------------------------
[INFO]    2020/11/09 23:37:34 [SUCCES] || get project configuration from ./config.yaml
[INFO]    2020/11/09 23:37:34 [SUCCES] || init database postgres
----------------------------------------
[INFO]    2020/11/09 23:38:32 [SUCCES] || get project configuration from ./config.yaml
[INFO]    2020/11/09 23:38:32 [SUCCES] || init database postgres
[WARNING] 2020/11/09 23:38:33 could`t not drop bot_users table. Reason: pq: table "bot_users" does not exist
[INFO]    2020/11/09 23:38:33 [DB]     || drop bot_users table
[INFO]    2020/11/09 23:38:33 [DB]     || create bot_users table
[INFO]    2020/11/09 23:38:33 [SUCCES] || group[200132006] test_bot
[INFO]    2020/11/09 23:38:33 [SUCCES] || group[200132006] start long poll
----------------------------------------
[INFO]    2020/11/09 23:39:18 [SUCCES] || get project configuration from ./config.yaml
[INFO]    2020/11/09 23:39:18 [SUCCES] || init database postgres
----------------------------------------
[INFO]    2020/11/09 23:40:54 [SUCCES] || get project configuration from ./config.yaml
[INFO]    2020/11/09 23:40:54 [SUCCES] || init database postgres
[ERROR]   2020/11/09 23:40:55 [DBERR]  || could`t not drop bot_users table. Reason: pq: table "bot_users" does not exist
[INFO]    2020/11/09 23:40:56 [DB]     || create bot_users table
[INFO]    2020/11/09 23:40:56 [SUCCES] || group[200132006] test_bot
[INFO]    2020/11/09 23:40:56 [SUCCES] || group[200132006] start long poll
----------------------------------------
[INFO]    2020/11/09 23:41:00 [SUCCES] || get project configuration from ./config.yaml
[INFO]    2020/11/09 23:41:00 [SUCCES] || init database postgres
[INFO]    2020/11/09 23:41:01 [DB]     || drop bot_users table
[INFO]    2020/11/09 23:41:01 [DB]     || create bot_users table
[INFO]    2020/11/09 23:41:01 [SUCCES] || group[200132006] test_bot
[INFO]    2020/11/09 23:41:01 [SUCCES] || group[200132006] start long poll
----------------------------------------
[INFO]    2020/11/09 23:41:07 [SUCCES] || get project configuration from ./config.yaml
[INFO]    2020/11/09 23:41:07 [SUCCES] || init database postgres
[INFO]    2020/11/09 23:41:08 [DB]     || drop bot_users table
[INFO]    2020/11/09 23:41:08 [DB]     || create bot_users table
[INFO]    2020/11/09 23:41:08 [SUCCES] || group[200132006] test_bot
[INFO]    2020/11/09 23:41:08 [SUCCES] || group[200132006] start long poll
----------------------------------------
[INFO]    2020/11/09 23:41:41 [SUCCES] || get project configuration from ./config.yaml
[INFO]    2020/11/09 23:41:41 [SUCCES] || init database postgres
[INFO]    2020/11/09 23:41:42 [DB]     || drop bot_users table
[INFO]    2020/11/09 23:41:43 [DB]     || create bot_users table
[INFO]    2020/11/09 23:41:43 [SUCCES] || group[200132006] test_bot
[INFO]    2020/11/09 23:41:43 [SUCCES] || group[200132006] start long poll
----------------------------------------
[INFO]    2020/11/09 23:41:46 [SUCCES] || get project configuration from ./config.yaml
[INFO]    2020/11/09 23:41:46 [SUCCES] || init database postgres
[INFO]    2020/11/09 23:41:47 [DB]     || drop bot_users table
[INFO]    2020/11/09 23:41:47 [DB]     || create bot_users table
[INFO]    2020/11/09 23:41:47 [SUCCES] || group[200132006] test_bot
[INFO]    2020/11/09 23:41:48 [SUCCES] || group[200132006] start long poll
----------------------------------------
[INFO]    2020/11/09 23:42:05 [SUCCES] || get project configuration from ./config.yaml
[INFO]    2020/11/09 23:42:05 [SUCCES] || init database postgres
[INFO]    2020/11/09 23:42:06 [DB]     || drop bot_users table
[INFO]    2020/11/09 23:42:06 [SUCCES] || group[200132006] test_bot
[INFO]    2020/11/09 23:42:06 [SUCCES] || group[200132006] start long poll
----------------------------------------
[INFO]    2020/11/09 23:42:12 [SUCCES] || get project configuration from ./config.yaml
[INFO]    2020/11/09 23:42:12 [SUCCES] || init database postgres
[WARNING] 2020/11/09 23:42:13 could`t not drop bot_users table. Reason: pq: table "bot_users" does not exist
[INFO]    2020/11/09 23:42:13 [SUCCES] || group[200132006] test_bot
[INFO]    2020/11/09 23:42:13 [SUCCES] || group[200132006] start long poll
----------------------------------------
[INFO]    2020/11/09 23:45:45 [SUCCES] || get project configuration from ./config.yaml
[INFO]    2020/11/09 23:45:45 [SUCCES] || init database postgres
[ERROR]   2020/11/09 23:45:46 [DBWARN] || could`t drop bot_users table. Reason: pq: table "bot_users" does not exist
[INFO]    2020/11/09 23:45:46 [SUCCES] || group[200132006] test_bot
[INFO]    2020/11/09 23:45:46 [SUCCES] || group[200132006] start long poll
----------------------------------------
[INFO]    2020/11/09 23:46:05 [SUCCES] || get project configuration from ./config.yaml
[INFO]    2020/11/09 23:46:05 [SUCCES] || init database postgres
[WARNING] 2020/11/09 23:46:06 [DBWARN] || could`t drop bot_users table. Reason: pq: table "bot_users" does not exist
[INFO]    2020/11/09 23:46:06 [SUCCES] || group[200132006] test_bot
[INFO]    2020/11/09 23:46:06 [SUCCES] || group[200132006] start long poll
----------------------------------------
[INFO]    2020/11/09 23:46:21 [SUCCES] || get project configuration from ./config.yaml
[INFO]    2020/11/09 23:46:21 [SUCCES] || init database postgres
[WARNING] 2020/11/09 23:46:22 [DBWARN] || could`t drop bot_users table. Reason: pq: table "bot_users" does not exist
[INFO]    2020/11/09 23:46:22 [SUCCES] || group[200132006] test_bot
[INFO]    2020/11/09 23:46:22 [SUCCES] || group[200132006] start long poll
----------------------------------------
[INFO]    2020/11/09 23:46:34 [SUCCES] || get project configuration from ./config.yaml
[INFO]    2020/11/09 23:46:34 [SUCCES] || init database postgres
[WARNING] 2020/11/09 23:46:35 [DBWARN] || could`t drop bot_users table. Reason: pq: table "bot_users" does not exist
[INFO]    2020/11/09 23:46:35 [DB]     || create bot_users table
[INFO]    2020/11/09 23:46:35 [SUCCES] || group[200132006] test_bot
[INFO]    2020/11/09 23:46:35 [SUCCES] || group[200132006] start long poll
[INFO]    2020/11/09 23:46:52 [MESS]   || user[205818633] sdkfm
----------------------------------------
[INFO]    2020/11/09 23:49:31 [SUCCES] || get project configuration from ./config.yaml
[INFO]    2020/11/09 23:49:31 [SUCCES] || init database postgres
[INFO]    2020/11/09 23:49:32 [DB]     || drop bot_users table
[INFO]    2020/11/09 23:49:32 [DB]     || create `bot_users` table
[INFO]    2020/11/09 23:49:32 [SUCCES] || group[200132006] test_bot
[INFO]    2020/11/09 23:49:32 [SUCCES] || group[200132006] start long poll
----------------------------------------
[INFO]    2020/11/09 23:49:56 [SUCCES] || get project configuration from ./config.yaml
[INFO]    2020/11/09 23:49:56 [SUCCES] || init database postgres
[INFO]    2020/11/09 23:49:57 [DB]     || drop bot_users table
[INFO]    2020/11/09 23:49:57 [DB]     || create bot_users table
[INFO]    2020/11/09 23:49:58 [SUCCES] || group[200132006] test_bot
[INFO]    2020/11/09 23:49:58 [SUCCES] || group[200132006] start long poll
----------------------------------------
[INFO]    2020/11/10 00:03:19 [SUCCES] || get project configuration from ./config.yaml
[INFO]    2020/11/10 00:03:19 [SUCCES] || init database postgres
[INFO]    2020/11/10 00:03:20 [DB]     || drop bot_users table
[INFO]    2020/11/10 00:03:21 [DB]     || create bot_users table
[INFO]    2020/11/10 00:03:21 [SUCCES] || group[200132006] test_bot
[INFO]    2020/11/10 00:03:21 [SUCCES] || group[200132006] start long poll
[INFO]    2020/11/10 00:03:27 [MESS]   || user[205818633] sdlkjaf
[INFO]    2020/11/10 00:03:33 [MESS]   || user[205818633] sdfkm
----------------------------------------
[INFO]    2020/11/10 00:03:41 [SUCCES] || get project configuration from ./config.yaml
[INFO]    2020/11/10 00:03:41 [SUCCES] || init database postgres
[INFO]    2020/11/10 00:03:42 [DB]     || drop bot_users table
[INFO]    2020/11/10 00:03:42 [DB]     || create bot_users table
[INFO]    2020/11/10 00:03:42 [SUCCES] || group[200132006] test_bot
[INFO]    2020/11/10 00:03:42 [SUCCES] || group[200132006] start long poll
[INFO]    2020/11/10 00:03:43 [MESS]   || user[205818633] saldkfm
[INFO]    2020/11/10 00:03:44 [MESS]   || user[205818633] lkfdm
----------------------------------------
[INFO]    2020/11/10 00:09:28 [SUCCES] || get project configuration from ./config.yaml
[INFO]    2020/11/10 00:09:28 [SUCCES] || init database postgres
[INFO]    2020/11/10 00:09:29 [DB]     || drop bot_users table
[INFO]    2020/11/10 00:09:29 [DB]     || create bot_users table
[INFO]    2020/11/10 00:09:29 [SUCCES] || group[200132006] test_bot
[INFO]    2020/11/10 00:09:29 [SUCCES] || group[200132006] start long poll
[INFO]    2020/11/10 00:09:35 [MESS]   || user[205818633] lksdaf
----------------------------------------
[INFO]    2020/11/10 00:14:20 [SUCCES] || get project configuration from ./config.yaml
[INFO]    2020/11/10 00:14:20 [SUCCES] || init database postgres
[INFO]    2020/11/10 00:14:21 [DB]     || drop bot_users table
[INFO]    2020/11/10 00:14:21 [DB]     || create bot_users table
[INFO]    2020/11/10 00:14:21 [SUCCES] || group[200132006] test_bot
[INFO]    2020/11/10 00:14:21 [SUCCES] || group[200132006] start long poll
[INFO]    2020/11/10 00:14:22 [MESS]   || user[205818633] sdakfm
[INFO]    2020/11/10 00:14:28 [MESS]   || user[205818633] sdmf
----------------------------------------
[INFO]    2020/11/10 00:19:48 [SUCCES] || get project configuration from ./config.yaml
[INFO]    2020/11/10 00:19:48 [SUCCES] || init database postgres
[INFO]    2020/11/10 00:19:49 [DB]     || drop bot_users table
[INFO]    2020/11/10 00:19:49 [DB]     || create bot_users table
[INFO]    2020/11/10 00:19:49 [SUCCES] || group[200132006] test_bot
[INFO]    2020/11/10 00:19:49 [SUCCES] || group[200132006] start long poll
[INFO]    2020/11/10 00:19:55 [MESS]   || user[205818633] kjn
[WARNING] 2020/11/10 00:19:55 [DBWARN] || new user[205818633]
[INFO]    2020/11/10 00:19:57 [MESS]   || user[205818633] ldskf
[WARNING] 2020/11/10 00:19:58 [DBWARN] || new user[205818633]
----------------------------------------
[INFO]    2020/11/10 00:20:37 [SUCCES] || get project configuration from ./config.yaml
[INFO]    2020/11/10 00:20:37 [SUCCES] || init database postgres
[INFO]    2020/11/10 00:20:38 [DB]     || drop bot_users table
[INFO]    2020/11/10 00:20:38 [DB]     || create bot_users table
[INFO]    2020/11/10 00:20:38 [SUCCES] || group[200132006] test_bot
[INFO]    2020/11/10 00:20:38 [SUCCES] || group[200132006] start long poll
[INFO]    2020/11/10 00:20:43 [MESS]   || user[205818633] ,sdajfn
[INFO]    2020/11/10 00:20:43 [DB]     || new user[205818633]
[INFO]    2020/11/10 00:20:47 [MESS]   || user[205818633] lsdkfm
[INFO]    2020/11/10 00:20:47 [DB]     || new user[205818633]
----------------------------------------
[INFO]    2020/11/10 00:26:00 [SUCCES] || get project configuration from ./config.yaml
[INFO]    2020/11/10 00:26:00 [SUCCES] || init database postgres
[INFO]    2020/11/10 00:26:01 [DB]     || drop bot_users table
[INFO]    2020/11/10 00:26:01 [DB]     || create bot_users table
[INFO]    2020/11/10 00:26:02 [SUCCES] || group[200132006] test_bot
[INFO]    2020/11/10 00:26:02 [SUCCES] || group[200132006] start long poll
[INFO]    2020/11/10 00:26:10 [MESS]   || user[205818633] lkdfm
[INFO]    2020/11/10 00:26:10 [DB]     || new user[205818633]
[INFO]    2020/11/10 00:26:13 [MESS]   || user[205818633] dlkfm
[INFO]    2020/11/10 00:26:14 [DB]     || select 205818633
[INFO]    2020/11/10 00:26:27 [MESS]   || user[205818633] sdfkm
[INFO]    2020/11/10 00:26:27 [DB]     || select 205818633
----------------------------------------
[INFO]    2020/11/10 00:27:45 [SUCCES] || get project configuration from ./config.yaml
[INFO]    2020/11/10 00:27:45 [SUCCES] || init database postgres
[INFO]    2020/11/10 00:27:46 [DB]     || drop bot_users table
[INFO]    2020/11/10 00:27:46 [DB]     || create bot_users table
[INFO]    2020/11/10 00:27:46 [SUCCES] || group[200132006] test_bot
[INFO]    2020/11/10 00:27:46 [SUCCES] || group[200132006] start long poll
[INFO]    2020/11/10 00:27:49 [MESS]   || user[205818633] sadlfkm
[INFO]    2020/11/10 00:27:49 [DB]     || new user[205818633]
[INFO]    2020/11/10 00:27:50 [MESS]   || user[205818633] aslkdf
[INFO]    2020/11/10 00:27:50 [DB]     || select user[205818633]
----------------------------------------
[INFO]    2020/11/10 00:31:27 [SUCCES] || get project configuration from ./config.yaml
[INFO]    2020/11/10 00:31:27 [SUCCES] || init database postgres
[INFO]    2020/11/10 00:31:28 [DB]     || drop bot_users table
[INFO]    2020/11/10 00:31:28 [DB]     || create bot_users table
[INFO]    2020/11/10 00:31:28 [SUCCES] || group[200132006] test_bot
[INFO]    2020/11/10 00:31:28 [SUCCES] || group[200132006] start long poll
[INFO]    2020/11/10 00:31:33 [MESS]   || user[205818633] sdlkaf
[INFO]    2020/11/10 00:31:33 [DB]     || new user[205818633]
----------------------------------------
[INFO]    2020/11/10 00:32:10 [SUCCES] || get project configuration from ./config.yaml
[INFO]    2020/11/10 00:32:10 [SUCCES] || init database postgres
[INFO]    2020/11/10 00:32:11 [DB]     || drop bot_users table
[INFO]    2020/11/10 00:32:11 [DB]     || create bot_users table
[INFO]    2020/11/10 00:32:11 [SUCCES] || group[200132006] test_bot
[INFO]    2020/11/10 00:32:11 [SUCCES] || group[200132006] start long poll
[INFO]    2020/11/10 00:32:12 [MESS]   || user[205818633] sm,df
[INFO]    2020/11/10 00:32:12 [DB]     || new user[205818633]
[INFO]    2020/11/10 00:32:12 [MESS]   || user[205818633] sdlkfm
[INFO]    2020/11/10 00:32:12 [DB]     || select user[205818633]
----------------------------------------
[INFO]    2020/11/10 00:44:16 [SUCCES] || get project configuration from ./config.yaml
[INFO]    2020/11/10 00:44:16 [SUCCES] || init database postgres
[INFO]    2020/11/10 00:44:17 [DB]     || drop bot_users table
[INFO]    2020/11/10 00:44:18 [DB]     || create bot_users table
[INFO]    2020/11/10 00:44:18 [SUCCES] || group[200132006] test_bot
[INFO]    2020/11/10 00:44:18 [SUCCES] || group[200132006] start long poll
[INFO]    2020/11/10 00:44:22 [MESS]   || user[205818633] kjn
[INFO]    2020/11/10 00:44:22 [DB]     || new user[205818633]
[INFO]    2020/11/10 00:44:26 [MESS]   || user[205818633] dsklf
[INFO]    2020/11/10 00:44:26 [DB]     || select user[205818633]
----------------------------------------
[INFO]    2020/11/10 00:45:09 [SUCCES] || get project configuration from ./config.yaml
[INFO]    2020/11/10 00:45:09 [SUCCES] || init database postgres
[INFO]    2020/11/10 00:45:10 [DB]     || drop bot_users table
[INFO]    2020/11/10 00:45:10 [DB]     || create bot_users table
[INFO]    2020/11/10 00:45:10 [SUCCES] || group[200132006] test_bot
[INFO]    2020/11/10 00:45:10 [SUCCES] || group[200132006] start long poll
[INFO]    2020/11/10 00:45:13 [MESS]   || user[205818633] sakjfd
[INFO]    2020/11/10 00:45:13 [DB]     || new user[205818633]
[INFO]    2020/11/10 00:45:15 [MESS]   || user[205818633] slkdf
[INFO]    2020/11/10 00:45:16 [DB]     || select user[205818633]
----------------------------------------
[INFO]    2020/11/10 00:45:57 [SUCCES] || get project configuration from ./config.yaml
[INFO]    2020/11/10 00:45:57 [SUCCES] || init database postgres
[INFO]    2020/11/10 00:45:59 [DB]     || drop bot_users table
[INFO]    2020/11/10 00:45:59 [DB]     || create bot_users table
[INFO]    2020/11/10 00:45:59 [SUCCES] || group[200132006] test_bot
[INFO]    2020/11/10 00:45:59 [SUCCES] || group[200132006] start long poll
[INFO]    2020/11/10 00:46:02 [MESS]   || user[205818633] sdlkfmn
[INFO]    2020/11/10 00:46:02 [DB]     || new user[205818633]
----------------------------------------
[INFO]    2020/11/10 00:46:10 [SUCCES] || get project configuration from ./config.yaml
[INFO]    2020/11/10 00:46:10 [SUCCES] || init database postgres
[INFO]    2020/11/10 00:46:11 [DB]     || drop bot_users table
[INFO]    2020/11/10 00:46:12 [DB]     || create bot_users table
[INFO]    2020/11/10 00:46:12 [SUCCES] || group[200132006] test_bot
[INFO]    2020/11/10 00:46:12 [SUCCES] || group[200132006] start long poll
[INFO]    2020/11/10 00:46:14 [MESS]   || user[205818633] ms,dfn
[INFO]    2020/11/10 00:46:15 [DB]     || new user[205818633]
----------------------------------------
[INFO]    2020/11/10 00:46:24 [SUCCES] || get project configuration from ./config.yaml
[INFO]    2020/11/10 00:46:24 [SUCCES] || init database postgres
[INFO]    2020/11/10 00:46:25 [DB]     || drop bot_users table
[INFO]    2020/11/10 00:46:25 [DB]     || create bot_users table
[INFO]    2020/11/10 00:46:25 [SUCCES] || group[200132006] test_bot
[INFO]    2020/11/10 00:46:25 [SUCCES] || group[200132006] start long poll
[INFO]    2020/11/10 00:46:27 [MESS]   || user[205818633] lsdkfj
[INFO]    2020/11/10 00:46:27 [DB]     || new user[205818633]
----------------------------------------
[INFO]    2020/11/10 00:47:55 [SUCCES] || get project configuration from ./config.yaml
[INFO]    2020/11/10 00:47:56 [SUCCES] || init database postgres
[INFO]    2020/11/10 00:47:57 [DB]     || drop bot_users table
[INFO]    2020/11/10 00:47:57 [DB]     || create bot_users table
[INFO]    2020/11/10 00:47:57 [SUCCES] || group[200132006] test_bot
[INFO]    2020/11/10 00:47:57 [SUCCES] || group[200132006] start long poll
[INFO]    2020/11/10 00:48:00 [MESS]   || user[205818633] dsknf
[INFO]    2020/11/10 00:48:00 [DB]     || new user[205818633]
----------------------------------------
[INFO]    2020/11/10 00:48:16 [SUCCES] || get project configuration from ./config.yaml
[INFO]    2020/11/10 00:48:16 [SUCCES] || init database postgres
[INFO]    2020/11/10 00:48:17 [DB]     || drop bot_users table
[INFO]    2020/11/10 00:48:17 [DB]     || create bot_users table
[INFO]    2020/11/10 00:48:17 [SUCCES] || group[200132006] test_bot
[INFO]    2020/11/10 00:48:18 [SUCCES] || group[200132006] start long poll
[INFO]    2020/11/10 00:48:20 [MESS]   || user[205818633] sdkljfn
[INFO]    2020/11/10 00:48:20 [DB]     || new user[205818633]
----------------------------------------
[INFO]    2020/11/10 00:48:34 [SUCCES] || get project configuration from ./config.yaml
[INFO]    2020/11/10 00:48:34 [SUCCES] || init database postgres
[INFO]    2020/11/10 00:48:35 [DB]     || drop bot_users table
[INFO]    2020/11/10 00:48:35 [DB]     || create bot_users table
[INFO]    2020/11/10 00:48:36 [SUCCES] || group[200132006] test_bot
[INFO]    2020/11/10 00:48:36 [SUCCES] || group[200132006] start long poll
[INFO]    2020/11/10 00:48:40 [MESS]   || user[205818633] ,sdmfn
[INFO]    2020/11/10 00:48:41 [DB]     || new user[205818633]
----------------------------------------
[INFO]    2020/11/10 00:49:14 [SUCCES] || get project configuration from ./config.yaml
[INFO]    2020/11/10 00:49:14 [SUCCES] || init database postgres
[INFO]    2020/11/10 00:49:15 [DB]     || drop bot_users table
[INFO]    2020/11/10 00:49:16 [DB]     || create bot_users table
[INFO]    2020/11/10 00:49:16 [SUCCES] || group[200132006] test_bot
[INFO]    2020/11/10 00:49:16 [SUCCES] || group[200132006] start long poll
[INFO]    2020/11/10 00:49:20 [MESS]   || user[205818633] sdlkfn
[INFO]    2020/11/10 00:49:20 [DB]     || new user[205818633]
[INFO]    2020/11/10 00:49:24 [MESS]   || user[205818633] dlfn
[INFO]    2020/11/10 00:49:24 [DB]     || select user[205818633]
----------------------------------------
[INFO]    2020/11/10 00:49:39 [SUCCES] || get project configuration from ./config.yaml
[INFO]    2020/11/10 00:49:39 [SUCCES] || init database postgres
[INFO]    2020/11/10 00:49:40 [DB]     || drop bot_users table
[INFO]    2020/11/10 00:49:40 [DB]     || create bot_users table
[INFO]    2020/11/10 00:49:40 [SUCCES] || group[200132006] test_bot
[INFO]    2020/11/10 00:49:40 [SUCCES] || group[200132006] start long poll
[INFO]    2020/11/10 00:49:42 [MESS]   || user[205818633] skldfj
[INFO]    2020/11/10 00:49:42 [DB]     || new user[205818633]
[INFO]    2020/11/10 00:49:42 [MESS]   || user[205818633] kjsdnf
[INFO]    2020/11/10 00:49:42 [DB]     || select user[205818633]
----------------------------------------
[INFO]    2020/11/10 00:50:02 [SUCCES] || get project configuration from ./config.yaml
[INFO]    2020/11/10 00:50:02 [SUCCES] || init database postgres
[INFO]    2020/11/10 00:50:04 [DB]     || drop bot_users table
[INFO]    2020/11/10 00:50:04 [DB]     || create bot_users table
[INFO]    2020/11/10 00:50:04 [SUCCES] || group[200132006] test_bot
[INFO]    2020/11/10 00:50:04 [SUCCES] || group[200132006] start long poll
[INFO]    2020/11/10 00:50:08 [MESS]   || user[205818633] lskdf
[INFO]    2020/11/10 00:50:08 [DB]     || new user[205818633]
----------------------------------------
[INFO]    2020/11/10 00:50:36 [SUCCES] || get project configuration from ./config.yaml
[INFO]    2020/11/10 00:50:36 [SUCCES] || init database postgres
[INFO]    2020/11/10 00:50:37 [DB]     || drop bot_users table
[INFO]    2020/11/10 00:50:37 [DB]     || create bot_users table
[INFO]    2020/11/10 00:50:38 [SUCCES] || group[200132006] test_bot
[INFO]    2020/11/10 00:50:38 [SUCCES] || group[200132006] start long poll
[INFO]    2020/11/10 00:50:38 [MESS]   || user[205818633] dfn
[INFO]    2020/11/10 00:50:38 [DB]     || new user[205818633]
----------------------------------------
[INFO]    2020/11/10 00:51:27 [SUCCES] || get project configuration from ./config.yaml
[INFO]    2020/11/10 00:51:27 [SUCCES] || init database postgres
[INFO]    2020/11/10 00:51:28 [DB]     || drop bot_users table
[INFO]    2020/11/10 00:51:28 [DB]     || create bot_users table
[INFO]    2020/11/10 00:51:28 [SUCCES] || group[200132006] test_bot
[INFO]    2020/11/10 00:51:28 [SUCCES] || group[200132006] start long poll
[INFO]    2020/11/10 00:51:29 [MESS]   || user[205818633] dklsfn
[INFO]    2020/11/10 00:51:29 [DB]     || new user[205818633]
----------------------------------------
[INFO]    2020/11/10 00:52:20 [SUCCES] || get project configuration from ./config.yaml
[INFO]    2020/11/10 00:52:20 [SUCCES] || init database postgres
[INFO]    2020/11/10 00:52:22 [DB]     || drop bot_users table
[INFO]    2020/11/10 00:52:22 [DB]     || create bot_users table
[INFO]    2020/11/10 00:52:22 [SUCCES] || group[200132006] test_bot
[INFO]    2020/11/10 00:52:22 [SUCCES] || group[200132006] start long poll
[INFO]    2020/11/10 00:52:32 [MESS]   || user[205818633] skjdfn
[INFO]    2020/11/10 00:52:32 [DB]     || new user[205818633]
----------------------------------------
[INFO]    2020/11/10 00:53:01 [SUCCES] || get project configuration from ./config.yaml
[INFO]    2020/11/10 00:53:01 [SUCCES] || init database postgres
[INFO]    2020/11/10 00:53:02 [DB]     || drop bot_users table
[INFO]    2020/11/10 00:53:02 [DB]     || create bot_users table
[INFO]    2020/11/10 00:53:03 [SUCCES] || group[200132006] test_bot
[INFO]    2020/11/10 00:53:03 [SUCCES] || group[200132006] start long poll
[INFO]    2020/11/10 00:53:04 [MESS]   || user[205818633] salkdfm
[INFO]    2020/11/10 00:53:04 [DB]     || new user[205818633]
[INFO]    2020/11/10 00:53:05 [MESS]   || user[205818633] skdfm
[INFO]    2020/11/10 00:53:05 [DB]     || select user[205818633]
----------------------------------------
[INFO]    2020/11/10 01:13:06 [SUCCES] || get project configuration from ./config.yaml
[INFO]    2020/11/10 01:13:06 [SUCCES] || init database postgres
[INFO]    2020/11/10 01:13:07 [DB]     || drop bot_users table
[INFO]    2020/11/10 01:13:08 [DB]     || create bot_users table
[INFO]    2020/11/10 01:13:08 [SUCCES] || group[200132006] test_bot
[INFO]    2020/11/10 01:13:08 [SUCCES] || group[200132006] start long poll
[INFO]    2020/11/10 01:13:13 [MESS]   || user[205818633] sd,fjm
[INFO]    2020/11/10 01:13:13 [DB]     || new user[205818633]
----------------------------------------
[INFO]    2020/11/10 01:17:06 [SUCCES] || get project configuration from ./config.yaml
[INFO]    2020/11/10 01:17:06 [SUCCES] || init database postgres
[INFO]    2020/11/10 01:17:07 [DB]     || drop bot_users table
[INFO]    2020/11/10 01:17:07 [DB]     || create bot_users table
[INFO]    2020/11/10 01:17:07 [SUCCES] || group[200132006] test_bot
[INFO]    2020/11/10 01:17:08 [SUCCES] || group[200132006] start long poll
[INFO]    2020/11/10 01:17:09 [MESS]   || user[205818633] sdkjfn
[INFO]    2020/11/10 01:17:09 [DB]     || new user[205818633]
[INFO]    2020/11/10 01:17:12 [MESS]   || user[205818633] 📅 Расписание
[INFO]    2020/11/10 01:17:12 [DB]     || select user[205818633]
[INFO]    2020/11/10 01:17:14 [MESS]   || user[205818633] skfj'
[INFO]    2020/11/10 01:17:15 [DB]     || select user[205818633]
[INFO]    2020/11/10 01:17:50 [MESS]   || user[205818633] ""
[INFO]    2020/11/10 01:17:50 [DB]     || select user[205818633]
----------------------------------------
[INFO]    2020/11/10 01:20:35 [SUCCES] || get project configuration from ./config.yaml
[INFO]    2020/11/10 01:20:35 [SUCCES] || init database postgres
[INFO]    2020/11/10 01:20:37 [DB]     || drop bot_users table
[INFO]    2020/11/10 01:20:37 [DB]     || create bot_users table
[INFO]    2020/11/10 01:20:37 [SUCCES] || group[200132006] test_bot
[INFO]    2020/11/10 01:20:37 [SUCCES] || group[200132006] start long poll
[INFO]    2020/11/10 01:20:39 [MESS]   || user[205818633] dksjfn
[INFO]    2020/11/10 01:20:39 [DB]     || new user[205818633]
----------------------------------------
[INFO]    2020/11/10 01:20:59 [SUCCES] || get project configuration from ./config.yaml
[INFO]    2020/11/10 01:20:59 [SUCCES] || init database postgres
[INFO]    2020/11/10 01:21:00 [DB]     || drop bot_users table
[INFO]    2020/11/10 01:21:00 [DB]     || create bot_users table
[INFO]    2020/11/10 01:21:00 [SUCCES] || group[200132006] test_bot
[INFO]    2020/11/10 01:21:00 [SUCCES] || group[200132006] start long poll
[INFO]    2020/11/10 01:21:06 [MESS]   || user[205818633] 🏃🏻‍♂️ Лонгран ПН 19:00
[INFO]    2020/11/10 01:21:06 [DB]     || new user[205818633]
----------------------------------------
[INFO]    2020/11/10 01:48:45 [SUCCES] || get project configuration from ./config.yaml
[INFO]    2020/11/10 01:48:45 [SUCCES] || init database postgres
[INFO]    2020/11/10 01:48:46 [DB]     || drop bot_users table
[INFO]    2020/11/10 01:48:46 [DB]     || create bot_users table
[INFO]    2020/11/10 01:48:46 [SUCCES] || group[200132006] test_bot
[INFO]    2020/11/10 01:48:46 [SUCCES] || group[200132006] start long poll
[INFO]    2020/11/10 01:48:58 [MESS]   || user[205818633] s
[INFO]    2020/11/10 01:48:58 [DB]     || new user[205818633]
[INFO]    2020/11/10 01:49:00 [MESS]   || user[205818633] 🏃🏻‍♂️ Лонгран ПН 19:00
[INFO]    2020/11/10 01:49:00 [DB]     || select user[205818633]
[INFO]    2020/11/10 01:49:02 [MESS]   || user[205818633] 🏃🏻‍♂️ Лонгран ВС 9:00(9:20)
[INFO]    2020/11/10 01:49:03 [DB]     || select user[205818633]
----------------------------------------
[INFO]    2020/11/10 01:50:40 [SUCCES] || get project configuration from ./config.yaml
[INFO]    2020/11/10 01:50:40 [SUCCES] || init database postgres
[INFO]    2020/11/10 01:50:41 [DB]     || drop bot_users table
[INFO]    2020/11/10 01:50:41 [DB]     || create bot_users table
[INFO]    2020/11/10 01:50:41 [SUCCES] || group[200132006] test_bot
[INFO]    2020/11/10 01:50:41 [SUCCES] || group[200132006] start long poll
[INFO]    2020/11/10 01:50:44 [MESS]   || user[205818633] s;daljf
[INFO]    2020/11/10 01:50:44 [DB]     || new user[205818633]
[INFO]    2020/11/10 01:50:49 [MESS]   || user[205818633] 🏃🏻‍♂️ Лонгран СР 19:00
[INFO]    2020/11/10 01:50:49 [DB]     || select user[205818633]
[INFO]    2020/11/10 01:50:55 [MESS]   || user[205818633] 🏋 Общая ВТ 19:30
[INFO]    2020/11/10 01:50:55 [DB]     || select user[205818633]
----------------------------------------
[INFO]    2020/11/10 01:59:47 [SUCCES] || get project configuration from ./config.yaml
[INFO]    2020/11/10 01:59:47 [SUCCES] || init database postgres
[INFO]    2020/11/10 01:59:48 [DB]     || drop bot_users table
[INFO]    2020/11/10 01:59:48 [DB]     || create bot_users table
[INFO]    2020/11/10 01:59:49 [SUCCES] || group[200132006] test_bot
[INFO]    2020/11/10 01:59:49 [SUCCES] || group[200132006] start long poll
[INFO]    2020/11/10 01:59:52 [MESS]   || user[205818633] 🏃🏻‍♂️ Лонгран ПН 19:00
[INFO]    2020/11/10 01:59:52 [DB]     || new user[205818633]
[INFO]    2020/11/10 01:59:54 [MESS]   || user[205818633] 🏋 Общая ЧТ 19:30
[INFO]    2020/11/10 01:59:54 [DB]     || select user[205818633]
[INFO]    2020/11/10 01:59:57 [MESS]   || user[205818633] 🏃🏻‍♂️ Лонгран СР 19:00
[INFO]    2020/11/10 01:59:57 [DB]     || select user[205818633]
[INFO]    2020/11/10 01:59:58 [MESS]   || user[205818633] 🏋 Общая ЧТ 19:30
[INFO]    2020/11/10 01:59:58 [DB]     || select user[205818633]
[INFO]    2020/11/10 02:00:00 [MESS]   || user[205818633] 🏃🏻‍♂️ Лонгран СР 19:00
[INFO]    2020/11/10 02:00:00 [DB]     || select user[205818633]
[INFO]    2020/11/10 02:00:02 [MESS]   || user[205818633] 🏃🏻‍♂️ Лонгран ПТ 19:00
[INFO]    2020/11/10 02:00:02 [DB]     || select user[205818633]
[INFO]    2020/11/10 02:00:03 [MESS]   || user[205818633] 🏋 Общая ВТ 19:30
[INFO]    2020/11/10 02:00:03 [DB]     || select user[205818633]
[INFO]    2020/11/10 02:00:05 [MESS]   || user[205818633] 🏋 Общая ЧТ 19:30
[INFO]    2020/11/10 02:00:05 [DB]     || select user[205818633]
----------------------------------------
[INFO]    2020/11/10 02:00:52 [SUCCES] || get project configuration from ./config.yaml
[INFO]    2020/11/10 02:00:52 [SUCCES] || init database postgres
[INFO]    2020/11/10 02:00:53 [DB]     || drop bot_users table
[INFO]    2020/11/10 02:00:54 [DB]     || create bot_users table
[INFO]    2020/11/10 02:00:54 [SUCCES] || group[200132006] test_bot
[INFO]    2020/11/10 02:00:54 [SUCCES] || group[200132006] start long poll
[INFO]    2020/11/10 02:00:57 [MESS]   || user[205818633] 🏃🏻‍♂️ Лонгран ПН 19:00
[INFO]    2020/11/10 02:00:57 [DB]     || new user[205818633]
[INFO]    2020/11/10 02:01:04 [MESS]   || user[205818633] 🏋 Общая ВТ 19:30
[INFO]    2020/11/10 02:01:04 [DB]     || select user[205818633]
[INFO]    2020/11/10 02:01:08 [MESS]   || user[205818633] 🏃🏻‍♂️ Лонгран ПН 19:00
[INFO]    2020/11/10 02:01:09 [DB]     || select user[205818633]
----------------------------------------
[INFO]    2020/11/10 02:02:25 [SUCCES] || get project configuration from ./config.yaml
[INFO]    2020/11/10 02:02:25 [SUCCES] || init database postgres
[INFO]    2020/11/10 02:02:26 [DB]     || drop bot_users table
[INFO]    2020/11/10 02:02:26 [DB]     || create bot_users table
[INFO]    2020/11/10 02:02:26 [SUCCES] || group[200132006] test_bot
[INFO]    2020/11/10 02:02:26 [SUCCES] || group[200132006] start long poll
[INFO]    2020/11/10 02:02:30 [MESS]   || user[205818633] sdkjf
[INFO]    2020/11/10 02:02:30 [DB]     || new user[205818633]
[INFO]    2020/11/10 02:02:34 [MESS]   || user[205818633] 🏃🏻‍♂️ Лонгран ПН 19:00
[INFO]    2020/11/10 02:02:34 [DB]     || select user[205818633]
[INFO]    2020/11/10 02:02:37 [MESS]   || user[205818633] 🏋 Общая ВТ 19:30
[INFO]    2020/11/10 02:02:37 [DB]     || select user[205818633]
[INFO]    2020/11/10 02:02:41 [MESS]   || user[205818633] 🏃🏻‍♂️ Лонгран ВС 9:00(9:20)
[INFO]    2020/11/10 02:02:41 [DB]     || select user[205818633]
[INFO]    2020/11/10 02:02:44 [MESS]   || user[205818633] 🏃🏻‍♂️ Лонгран ВС 9:00(9:20)
[INFO]    2020/11/10 02:02:44 [DB]     || select user[205818633]
[INFO]    2020/11/10 02:03:02 [MESS]   || user[205818633] 🏃🏻‍♂️ Лонгран СР 19:00
[INFO]    2020/11/10 02:03:03 [DB]     || select user[205818633]
[INFO]    2020/11/10 02:05:07 [MESS]   || user[205818633] 🏃🏻‍♂️ Лонгран ВС 9:00(9:20)
[INFO]    2020/11/10 02:05:07 [DB]     || select user[205818633]
[INFO]    2020/11/10 02:05:09 [MESS]   || user[205818633] 🏃🏻‍♂️ Лонгран СР 19:00
[INFO]    2020/11/10 02:05:09 [DB]     || select user[205818633]
----------------------------------------
[INFO]    2020/11/10 02:07:26 [SUCCES] || get project configuration from ./config.yaml
[INFO]    2020/11/10 02:07:26 [SUCCES] || init database postgres
[INFO]    2020/11/10 02:07:27 [DB]     || drop bot_users table
[INFO]    2020/11/10 02:07:27 [DB]     || create bot_users table
[INFO]    2020/11/10 02:07:27 [SUCCES] || group[200132006] test_bot
[INFO]    2020/11/10 02:07:27 [SUCCES] || group[200132006] start long poll
[INFO]    2020/11/10 02:07:29 [MESS]   || user[205818633] 🏃🏻‍♂️ Лонгран ПН 19:00
[INFO]    2020/11/10 02:07:29 [DB]     || new user[205818633]
[INFO]    2020/11/10 02:07:34 [MESS]   || user[205818633] 🏃🏻‍♂️ Лонгран ПН 19:00
[INFO]    2020/11/10 02:07:34 [DB]     || select user[205818633]
----------------------------------------
[INFO]    2020/11/10 02:08:28 [SUCCES] || get project configuration from ./config.yaml
[INFO]    2020/11/10 02:08:28 [SUCCES] || init database postgres
[INFO]    2020/11/10 02:08:30 [DB]     || drop bot_users table
[INFO]    2020/11/10 02:08:30 [DB]     || create bot_users table
[INFO]    2020/11/10 02:08:30 [SUCCES] || group[200132006] test_bot
[INFO]    2020/11/10 02:08:30 [SUCCES] || group[200132006] start long poll
[INFO]    2020/11/10 02:08:34 [MESS]   || user[205818633] sd
[INFO]    2020/11/10 02:08:34 [DB]     || new user[205818633]
[WARNING] 2020/11/10 02:08:34 can`t send message. Reason: api: One of the parameters specified was missing or invalid: message is empty or invalid
[INFO]    2020/11/10 02:08:39 [MESS]   || user[205818633] sda
[INFO]    2020/11/10 02:08:39 [DB]     || select user[205818633]
[WARNING] 2020/11/10 02:08:39 can`t send message. Reason: api: One of the parameters specified was missing or invalid: message is empty or invalid
[INFO]    2020/11/10 02:08:43 [MESS]   || user[205818633] 🏃🏻‍♂ Лонгран ПН 19:00
[INFO]    2020/11/10 02:08:43 [DB]     || select user[205818633]
[WARNING] 2020/11/10 02:08:43 can`t send message. Reason: api: One of the parameters specified was missing or invalid: message is empty or invalid
[INFO]    2020/11/10 02:08:54 [MESS]   || user[205818633] 🏃🏻‍♂ Лонгран ПН 19:00
[INFO]    2020/11/10 02:08:54 [DB]     || select user[205818633]
[WARNING] 2020/11/10 02:08:55 can`t send message. Reason: api: One of the parameters specified was missing or invalid: message is empty or invalid
----------------------------------------
[INFO]    2020/11/10 02:09:09 [SUCCES] || get project configuration from ./config.yaml
[INFO]    2020/11/10 02:09:09 [SUCCES] || init database postgres
[INFO]    2020/11/10 02:09:10 [DB]     || drop bot_users table
[INFO]    2020/11/10 02:09:11 [DB]     || create bot_users table
[INFO]    2020/11/10 02:09:11 [SUCCES] || group[200132006] test_bot
[INFO]    2020/11/10 02:09:11 [SUCCES] || group[200132006] start long poll
[INFO]    2020/11/10 02:09:18 [MESS]   || user[205818633] lkfd
[INFO]    2020/11/10 02:09:18 [DB]     || new user[205818633]
[WARNING] 2020/11/10 02:09:18 can`t send message. Reason: api: One of the parameters specified was missing or invalid: message is empty or invalid
----------------------------------------
[INFO]    2020/11/10 02:09:42 [SUCCES] || get project configuration from ./config.yaml
[INFO]    2020/11/10 02:09:42 [SUCCES] || init database postgres
[INFO]    2020/11/10 02:09:43 [DB]     || drop bot_users table
[INFO]    2020/11/10 02:09:43 [DB]     || create bot_users table
[INFO]    2020/11/10 02:09:43 [SUCCES] || group[200132006] test_bot
[INFO]    2020/11/10 02:09:43 [SUCCES] || group[200132006] start long poll
[INFO]    2020/11/10 02:09:50 [MESS]   || user[205818633] salkd
[INFO]    2020/11/10 02:09:50 [DB]     || new user[205818633]
[INFO]    2020/11/10 02:09:53 [MESS]   || user[205818633] 🏃🏻‍♂️ Лонгран ПН 19:00
[INFO]    2020/11/10 02:09:53 [DB]     || select user[205818633]
----------------------------------------
[INFO]    2020/11/10 02:10:02 [SUCCES] || get project configuration from ./config.yaml
[INFO]    2020/11/10 02:10:02 [SUCCES] || init database postgres
[INFO]    2020/11/10 02:10:03 [DB]     || drop bot_users table
[INFO]    2020/11/10 02:10:03 [DB]     || create bot_users table
[INFO]    2020/11/10 02:10:03 [SUCCES] || group[200132006] test_bot
[INFO]    2020/11/10 02:10:03 [SUCCES] || group[200132006] start long poll
[INFO]    2020/11/10 02:10:11 [MESS]   || user[205818633] 🏃🏻‍♂️ Лонгран ПН 19:00
[INFO]    2020/11/10 02:10:11 [DB]     || new user[205818633]
[INFO]    2020/11/10 02:10:16 [MESS]   || user[205818633] 🏋 Общая ЧТ 19:30
[INFO]    2020/11/10 02:10:16 [DB]     || select user[205818633]
[INFO]    2020/11/10 02:10:53 [MESS]   || user[205818633] 🏋 Общая ВТ 19:30
[INFO]    2020/11/10 02:10:53 [DB]     || select user[205818633]
----------------------------------------
[INFO]    2020/11/10 02:12:31 [SUCCES] || get project configuration from ./config.yaml
[INFO]    2020/11/10 02:12:31 [SUCCES] || init database postgres
[INFO]    2020/11/10 02:12:32 [DB]     || drop bot_users table
[INFO]    2020/11/10 02:12:32 [DB]     || create bot_users table
[INFO]    2020/11/10 02:12:33 [SUCCES] || group[200132006] test_bot
[INFO]    2020/11/10 02:12:33 [SUCCES] || group[200132006] start long poll
[INFO]    2020/11/10 02:12:35 [MESS]   || user[205818633] 📅 Расписание
[INFO]    2020/11/10 02:12:35 [DB]     || new user[205818633]
[INFO]    2020/11/10 02:12:37 [MESS]   || user[205818633] 🏃🏻‍♂️ Лонгран ПН 19:00
[INFO]    2020/11/10 02:12:37 [DB]     || select user[205818633]
[INFO]    2020/11/10 02:12:39 [MESS]   || user[205818633] 🤸‍♂️ Мои тренировки
[INFO]    2020/11/10 02:12:39 [DB]     || select user[205818633]
[INFO]    2020/11/10 02:12:40 [MESS]   || user[205818633] 🏋 Общая ЧТ 19:30
[INFO]    2020/11/10 02:12:40 [DB]     || select user[205818633]
----------------------------------------
[INFO]    2020/11/10 02:14:47 [SUCCES] || get project configuration from ./config.yaml
[INFO]    2020/11/10 02:14:47 [SUCCES] || init database postgres
[INFO]    2020/11/10 02:14:49 [DB]     || drop bot_users table
[INFO]    2020/11/10 02:14:49 [DB]     || create bot_users table
[INFO]    2020/11/10 02:14:49 [SUCCES] || group[200132006] test_bot
[INFO]    2020/11/10 02:14:49 [SUCCES] || group[200132006] start long poll
----------------------------------------
[INFO]    2020/11/10 02:15:20 [SUCCES] || get project configuration from ./config.yaml
[INFO]    2020/11/10 02:15:20 [SUCCES] || init database postgres
[INFO]    2020/11/10 02:15:21 [DB]     || drop bot_users table
[INFO]    2020/11/10 02:15:21 [DB]     || create bot_users table
[INFO]    2020/11/10 02:15:22 [SUCCES] || group[200132006] test_bot
[INFO]    2020/11/10 02:15:22 [SUCCES] || group[200132006] start long poll
[INFO]    2020/11/10 02:15:34 [MESS]   || user[205818633] ыбвьа
[INFO]    2020/11/10 02:15:34 [DB]     || new user[205818633]
----------------------------------------
[INFO]    2020/11/10 02:27:37 [SUCCES] || get project configuration from ./config.yaml
[INFO]    2020/11/10 02:27:37 [SUCCES] || init database postgres
[INFO]    2020/11/10 02:27:38 [DB]     || drop bot_users table
[INFO]    2020/11/10 02:27:38 [DB]     || create bot_users table
[INFO]    2020/11/10 02:27:38 [SUCCES] || group[200132006] test_bot
[INFO]    2020/11/10 02:27:38 [SUCCES] || group[200132006] start long poll
[INFO]    2020/11/10 02:27:43 [MESS]   || user[205818633] 🏃🏻‍♂️ Лонгран ПН 19:00
[INFO]    2020/11/10 02:27:44 [DB]     || new user[205818633]
[INFO]    2020/11/10 02:27:45 [MESS]   || user[205818633] 🏋 Общая ЧТ 19:30
[INFO]    2020/11/10 02:27:46 [DB]     || select user[205818633]
[INFO]    2020/11/10 02:27:48 [MESS]   || user[205818633] 📅 Расписание
[INFO]    2020/11/10 02:27:48 [DB]     || select user[205818633]
[INFO]    2020/11/10 02:27:51 [MESS]   || user[205818633] 🤸‍♂️ Мои тренировки
[INFO]    2020/11/10 02:27:52 [DB]     || select user[205818633]
----------------------------------------
[INFO]    2020/11/10 02:28:11 [SUCCES] || get project configuration from ./config.yaml
[INFO]    2020/11/10 02:28:11 [SUCCES] || init database postgres
[INFO]    2020/11/10 02:28:12 [DB]     || drop bot_users table
[INFO]    2020/11/10 02:28:12 [DB]     || create bot_users table
[INFO]    2020/11/10 02:28:13 [SUCCES] || group[200132006] test_bot
[INFO]    2020/11/10 02:28:13 [SUCCES] || group[200132006] start long poll
[INFO]    2020/11/10 02:28:20 [MESS]   || user[205818633] 🏃🏻‍♂️ Лонгран СР 19:00
[INFO]    2020/11/10 02:28:20 [DB]     || new user[205818633]
[INFO]    2020/11/10 02:28:22 [MESS]   || user[205818633] 🏋 Общая ВТ 19:30
[INFO]    2020/11/10 02:28:22 [DB]     || select user[205818633]
[INFO]    2020/11/10 02:28:24 [MESS]   || user[205818633] 🏃🏻‍♂️ Лонгран ВС 9:00(9:20)
[INFO]    2020/11/10 02:28:24 [DB]     || select user[205818633]
[INFO]    2020/11/10 02:28:26 [MESS]   || user[205818633] 🤸‍♂️ Мои тренировки
[INFO]    2020/11/10 02:28:26 [DB]     || select user[205818633]
----------------------------------------
[INFO]    2020/11/10 02:29:16 [SUCCES] || get project configuration from ./config.yaml
[INFO]    2020/11/10 02:29:16 [SUCCES] || init database postgres
[INFO]    2020/11/10 02:29:17 [DB]     || drop bot_users table
[INFO]    2020/11/10 02:29:17 [DB]     || create bot_users table
[INFO]    2020/11/10 02:29:17 [SUCCES] || group[200132006] test_bot
[INFO]    2020/11/10 02:29:17 [SUCCES] || group[200132006] start long poll
[INFO]    2020/11/10 02:29:19 [MESS]   || user[205818633] 🏃🏻‍♂️ Лонгран ПН 19:00
[INFO]    2020/11/10 02:29:19 [DB]     || new user[205818633]
[INFO]    2020/11/10 02:29:21 [MESS]   || user[205818633] 🏃🏻‍♂️ Лонгран ВС 9:00(9:20)
[INFO]    2020/11/10 02:29:21 [DB]     || select user[205818633]
[INFO]    2020/11/10 02:29:23 [MESS]   || user[205818633] 📅 Расписание
[INFO]    2020/11/10 02:29:23 [DB]     || select user[205818633]
[INFO]    2020/11/10 02:29:24 [MESS]   || user[205818633] 🤸‍♂️ Мои тренировки
[INFO]    2020/11/10 02:29:24 [DB]     || select user[205818633]
[INFO]    2020/11/10 02:29:48 [MESS]   || user[205818633] 🏃🏻‍♂️ Лонгран ВС 9:00(9:20)
[INFO]    2020/11/10 02:29:48 [DB]     || select user[205818633]
[INFO]    2020/11/10 02:29:50 [MESS]   || user[205818633] 🏋 Общая ВТ 19:30
[INFO]    2020/11/10 02:29:50 [DB]     || select user[205818633]
[INFO]    2020/11/10 02:29:52 [MESS]   || user[205818633] 🤸‍♂️ Мои тренировки
[INFO]    2020/11/10 02:29:52 [DB]     || select user[205818633]
----------------------------------------
[INFO]    2020/11/10 02:31:38 [SUCCES] || get project configuration from ./config.yaml
[INFO]    2020/11/10 02:31:38 [SUCCES] || init database postgres
[INFO]    2020/11/10 02:31:39 [DB]     || DROP bot_users TABLE
[INFO]    2020/11/10 02:31:39 [DB]     || CREATE bot_users TABLE
[INFO]    2020/11/10 02:31:39 [SUCCES] || group[200132006] test_bot
[INFO]    2020/11/10 02:31:39 [SUCCES] || group[200132006] start long poll
[INFO]    2020/11/10 02:31:47 [MESS]   || user[205818633] 🏃🏻‍♂️ Лонгран СР 19:00
[INFO]    2020/11/10 02:31:47 [DB]     || NEW user[205818633]
[INFO]    2020/11/10 02:31:50 [MESS]   || user[205818633] 🏋 Общая ВТ 19:30
[INFO]    2020/11/10 02:31:50 [DB]     || user[205818633]
[INFO]    2020/11/10 02:31:51 [MESS]   || user[205818633] 📅 Расписание
[INFO]    2020/11/10 02:31:51 [DB]     || user[205818633]
[INFO]    2020/11/10 02:31:53 [MESS]   || user[205818633] 🤸‍♂️ Мои тренировки
[INFO]    2020/11/10 02:31:53 [DB]     || user[205818633]
----------------------------------------
[INFO]    2020/11/10 02:34:03 [SUCCES] || get project configuration from ./config.yaml
[INFO]    2020/11/10 02:34:03 [SUCCES] || init database postgres
[INFO]    2020/11/10 02:34:04 [DB]     || DROP bot_users TABLE
[INFO]    2020/11/10 02:34:04 [DB]     || CREATE bot_users TABLE
[INFO]    2020/11/10 02:34:05 [SUCCES] || group[200132006] test_bot
[INFO]    2020/11/10 02:34:05 [SUCCES] || group[200132006] start long poll
[INFO]    2020/11/10 02:34:07 [MESS]   || user[205818633] 🏃🏻‍♂️ Лонгран ПН 19:00
[INFO]    2020/11/10 02:34:07 [DB]     || NEW user[205818633]
[INFO]    2020/11/10 02:34:07 [DB]     || user[205818633] update
[INFO]    2020/11/10 02:34:08 [MESS]   || user[205818633] 🏃🏻‍♂️ Лонгран ВС 9:00(9:20)
[INFO]    2020/11/10 02:34:08 [DB]     || user[205818633] select
[INFO]    2020/11/10 02:34:09 [DB]     || user[205818633] update
[INFO]    2020/11/10 02:34:12 [MESS]   || user[205818633] 🤸‍♂️ Мои тренировки
[INFO]    2020/11/10 02:34:12 [DB]     || user[205818633] select
[INFO]    2020/11/10 02:34:15 [MESS]   || user[205818633] 📅 Расписание
[INFO]    2020/11/10 02:34:15 [DB]     || user[205818633] select
[INFO]    2020/11/10 02:34:44 [MESS]   || user[205818633] 🏃🏻‍♂️ Лонгран ВС 9:00(9:20)
[INFO]    2020/11/10 02:34:44 [DB]     || user[205818633] select
[INFO]    2020/11/10 02:34:44 [DB]     || user[205818633] update
[INFO]    2020/11/10 02:34:46 [MESS]   || user[205818633] 🏋 Общая ЧТ 19:30
[INFO]    2020/11/10 02:34:46 [DB]     || user[205818633] select
[INFO]    2020/11/10 02:34:46 [DB]     || user[205818633] update
[INFO]    2020/11/10 02:34:49 [MESS]   || user[205818633] 🤸‍♂️ Мои тренировки
[INFO]    2020/11/10 02:34:49 [DB]     || user[205818633] select
----------------------------------------
[INFO]    2020/11/10 02:36:26 [SUCCES] || get project configuration from ./config.yaml
[INFO]    2020/11/10 02:36:26 [SUCCES] || init database postgres
[INFO]    2020/11/10 02:36:27 [DB]     || DROP bot_users TABLE
[INFO]    2020/11/10 02:36:27 [DB]     || CREATE bot_users TABLE
[INFO]    2020/11/10 02:36:27 [SUCCES] || group[200132006] test_bot
[INFO]    2020/11/10 02:36:27 [SUCCES] || group[200132006] start long poll
[INFO]    2020/11/10 02:36:31 [MESS]   || user[205818633] sd
[INFO]    2020/11/10 02:36:31 [DB]     || NEW user[205818633]
[INFO]    2020/11/10 02:36:33 [MESS]   || user[205818633] 🏃🏻‍♂️ Лонгран СР 19:00
[INFO]    2020/11/10 02:36:34 [DB]     || user[205818633] select
[INFO]    2020/11/10 02:36:34 [DB]     || user[205818633] update
[INFO]    2020/11/10 02:36:37 [MESS]   || user[205818633] 🤸‍♂️ Мои тренировки
[INFO]    2020/11/10 02:36:37 [DB]     || user[205818633] select
----------------------------------------
[INFO]    2020/11/10 02:37:37 [SUCCES] || get project configuration from ./config.yaml
[INFO]    2020/11/10 02:37:37 [SUCCES] || init database postgres
[INFO]    2020/11/10 02:37:38 [DB]     || DROP bot_users TABLE
[INFO]    2020/11/10 02:37:38 [DB]     || CREATE bot_users TABLE
[INFO]    2020/11/10 02:37:38 [SUCCES] || group[200132006] test_bot
[INFO]    2020/11/10 02:37:38 [SUCCES] || group[200132006] start long poll
[INFO]    2020/11/10 02:37:40 [MESS]   || user[205818633] 🏃🏻‍♂️ Лонгран СР 19:00
[INFO]    2020/11/10 02:37:40 [DB]     || NEW user[205818633]
[INFO]    2020/11/10 02:37:40 [DB]     || user[205818633] update
[INFO]    2020/11/10 02:37:43 [MESS]   || user[205818633] 🤸‍♂️ Мои тренировки
[INFO]    2020/11/10 02:37:43 [DB]     || user[205818633] select
----------------------------------------
[INFO]    2020/11/10 03:18:03 [SUCCES] || get project configuration from ./config.yaml
[INFO]    2020/11/10 03:18:03 [SUCCES] || init database postgres
[INFO]    2020/11/10 03:18:05 [DB]     || DROP bot_users TABLE
[INFO]    2020/11/10 03:18:05 [DB]     || CREATE bot_users TABLE
[INFO]    2020/11/10 03:18:05 [SUCCES] || group[200132006] test_bot
[INFO]    2020/11/10 03:18:05 [SUCCES] || group[200132006] start long poll
----------------------------------------
[INFO]    2020/11/10 03:18:16 [SUCCES] || get project configuration from ./config.yaml
[INFO]    2020/11/10 03:18:16 [SUCCES] || init database postgres
[INFO]    2020/11/10 03:18:17 [DB]     || DROP bot_users TABLE
[INFO]    2020/11/10 03:18:17 [DB]     || CREATE bot_users TABLE
[INFO]    2020/11/10 03:18:17 [SUCCES] || group[200132006] test_bot
[INFO]    2020/11/10 03:18:17 [SUCCES] || group[200132006] start long poll
----------------------------------------
[INFO]    2020/11/10 03:24:52 [SUCCES] || get project configuration from ./config.yaml
[INFO]    2020/11/10 03:24:52 [SUCCES] || init database postgres
[WARNING] 2020/11/10 03:24:52 [DBWARN] || could`t drop bot_users table. Reason: dial tcp: lookup ec2-3-214-46-194.compute-1.amazonaws.com: no such host
[ERROR]   2020/11/10 03:24:52 [DBERR]  || could`t create bot_users table. Reason: dial tcp: lookup ec2-3-214-46-194.compute-1.amazonaws.com: no such host
----------------------------------------
[INFO]    2020/11/10 18:08:14 [SUCCES] || get project configuration from ./config.yaml
[INFO]    2020/11/10 18:08:14 [SUCCES] || init database postgres
[INFO]    2020/11/10 18:08:15 [DB]     || DROP bot_users TABLE
[INFO]    2020/11/10 18:08:16 [DB]     || CREATE bot_users TABLE
[INFO]    2020/11/10 18:08:16 [SUCCES] || group[200132006] test_bot
[INFO]    2020/11/10 18:08:16 [SUCCES] || group[200132006] start long poll
[INFO]    2020/11/10 18:08:46 [MESS]   || user[205818633] ssss
[INFO]    2020/11/10 18:08:46 [DB]     || NEW user[205818633]
[INFO]    2020/11/10 18:08:50 [MESS]   || user[205818633] 🏃🏻‍♂️ Лонгран ПН 19:00
[INFO]    2020/11/10 18:08:50 [DB]     || user[205818633] select
[INFO]    2020/11/10 18:08:51 [DB]     || user[205818633] update
[INFO]    2020/11/10 18:08:52 [MESS]   || user[205818633] 🏃🏻‍♂️ Лонгран ВС 9:00(9:20)
[INFO]    2020/11/10 18:08:53 [DB]     || user[205818633] select
[INFO]    2020/11/10 18:08:53 [DB]     || user[205818633] update
[INFO]    2020/11/10 18:08:55 [MESS]   || user[205818633] 📅 Расписание
[INFO]    2020/11/10 18:08:55 [DB]     || user[205818633] select
[INFO]    2020/11/10 18:08:57 [MESS]   || user[205818633] 🤸‍♂️ Мои тренировки
[INFO]    2020/11/10 18:08:57 [DB]     || user[205818633] select
[INFO]    2020/11/10 18:09:02 [MESS]   || user[205818633] 🏋 Общая ВТ 19:30
[INFO]    2020/11/10 18:09:02 [DB]     || user[205818633] select
[INFO]    2020/11/10 18:09:02 [DB]     || user[205818633] update
----------------------------------------
[INFO]    2020/11/10 18:10:12 [SUCCES] || get project configuration from ./config.yaml
[INFO]    2020/11/10 18:10:12 [SUCCES] || init database postgres
[INFO]    2020/11/10 18:10:13 [DB]     || DROP bot_users TABLE
[INFO]    2020/11/10 18:10:14 [DB]     || CREATE bot_users TABLE
[INFO]    2020/11/10 18:10:14 [SUCCES] || group[200132006] test_bot
[INFO]    2020/11/10 18:10:14 [SUCCES] || group[200132006] start long poll
[INFO]    2020/11/10 18:22:33 [MESS]   || user[102450512] Лонгран ПН 19:00
[INFO]    2020/11/10 18:22:33 [DB]     || NEW user[102450512]
[INFO]    2020/11/10 18:22:36 [MESS]   || user[102450512] 🏋 Общая ВТ 19:30
[INFO]    2020/11/10 18:22:36 [DB]     || user[102450512] select
[INFO]    2020/11/10 18:22:36 [DB]     || user[102450512] update
[INFO]    2020/11/10 18:22:38 [MESS]   || user[102450512] 🏋 Общая ЧТ 19:30
[INFO]    2020/11/10 18:22:38 [DB]     || user[102450512] select
[INFO]    2020/11/10 18:22:38 [DB]     || user[102450512] update
[INFO]    2020/11/10 18:22:42 [MESS]   || user[102450512] 🏃🏻‍♂️ Лонгран СР 19:00
[INFO]    2020/11/10 18:22:43 [DB]     || user[102450512] select
[INFO]    2020/11/10 18:22:43 [DB]     || user[102450512] update
[INFO]    2020/11/10 18:22:46 [MESS]   || user[102450512] 🤸‍♂️ Мои тренировки
[INFO]    2020/11/10 18:22:46 [DB]     || user[102450512] select
[INFO]    2020/11/10 18:23:06 [MESS]   || user[102450512] 🏃🏻‍♂️ Лонгран ПН 19:00
[INFO]    2020/11/10 18:23:06 [DB]     || user[102450512] select
[INFO]    2020/11/10 18:23:06 [DB]     || user[102450512] update
[INFO]    2020/11/10 18:23:08 [MESS]   || user[102450512] 🏃🏻‍♂️ Лонгран ПТ 19:00
[INFO]    2020/11/10 18:23:08 [DB]     || user[102450512] select
[INFO]    2020/11/10 18:23:09 [DB]     || user[102450512] update
[INFO]    2020/11/10 18:23:10 [MESS]   || user[102450512] 🏃🏻‍♂️ Лонгран ВС 9:00(9:20)
[INFO]    2020/11/10 18:23:10 [DB]     || user[102450512] select
[INFO]    2020/11/10 18:23:10 [DB]     || user[102450512] update
[INFO]    2020/11/10 18:23:12 [MESS]   || user[102450512] 📅 Расписание
[INFO]    2020/11/10 18:23:12 [DB]     || user[102450512] select
[INFO]    2020/11/10 18:23:16 [MESS]   || user[102450512] 🤸‍♂️ Мои тренировки
[INFO]    2020/11/10 18:23:16 [DB]     || user[102450512] select
[INFO]    2020/11/10 18:23:22 [MESS]   || user[102450512] 🏃🏻‍♂️ Лонгран ПН 19:00
[INFO]    2020/11/10 18:23:22 [DB]     || user[102450512] select
[INFO]    2020/11/10 18:23:22 [DB]     || user[102450512] update
[INFO]    2020/11/10 18:23:41 [MESS]   || user[102450512] 🤸‍♂️ Мои тренировки
[INFO]    2020/11/10 18:23:41 [DB]     || user[102450512] select
[INFO]    2020/11/10 18:25:04 [MESS]   || user[102450512] 🏋 Общая ВТ 19:30
[INFO]    2020/11/10 18:25:04 [DB]     || user[102450512] select
[INFO]    2020/11/10 18:25:04 [DB]     || user[102450512] update
[INFO]    2020/11/10 18:25:05 [MESS]   || user[102450512] 🏋 Общая ЧТ 19:30
[INFO]    2020/11/10 18:25:05 [DB]     || user[102450512] select
[INFO]    2020/11/10 18:25:06 [DB]     || user[102450512] update
[INFO]    2020/11/10 18:25:07 [MESS]   || user[102450512] 🏃🏻‍♂️ Лонгран СР 19:00
[INFO]    2020/11/10 18:25:07 [DB]     || user[102450512] select
[INFO]    2020/11/10 18:25:07 [DB]     || user[102450512] update
[INFO]    2020/11/10 18:25:09 [MESS]   || user[102450512] 🏃🏻‍♂️ Лонгран ПТ 19:00
[INFO]    2020/11/10 18:25:09 [DB]     || user[102450512] select
[INFO]    2020/11/10 18:25:09 [DB]     || user[102450512] update
[INFO]    2020/11/10 18:25:10 [MESS]   || user[102450512] 🏃🏻‍♂️ Лонгран ВС 9:00(9:20)
[INFO]    2020/11/10 18:25:11 [DB]     || user[102450512] select
[INFO]    2020/11/10 18:25:11 [DB]     || user[102450512] update
[INFO]    2020/11/10 18:25:13 [MESS]   || user[102450512] 🤸‍♂️ Мои тренировки
[INFO]    2020/11/10 18:25:13 [DB]     || user[102450512] select
[INFO]    2020/11/10 18:25:35 [MESS]   || user[102450512] а
[INFO]    2020/11/10 18:25:35 [DB]     || user[102450512] select
[INFO]    2020/11/10 18:26:21 [MESS]   || user[102450512] 🏃🏻‍♂️ Лонгран ПН 19:00
[INFO]    2020/11/10 18:26:22 [DB]     || user[102450512] select
[INFO]    2020/11/10 18:26:22 [DB]     || user[102450512] update
[INFO]    2020/11/10 18:26:27 [MESS]   || user[102450512] 🏋 Общая ВТ 19:30
[INFO]    2020/11/10 18:26:27 [DB]     || user[102450512] select
[INFO]    2020/11/10 18:26:27 [DB]     || user[102450512] update
[INFO]    2020/11/10 18:26:30 [MESS]   || user[102450512] 🤸‍♂️ Мои тренировки
[INFO]    2020/11/10 18:26:31 [DB]     || user[102450512] select
[INFO]    2020/11/10 18:27:09 [MESS]   || user[102450512] 🏃🏻‍♂️ Лонгран СР 19:00
[INFO]    2020/11/10 18:27:09 [DB]     || user[102450512] select
[INFO]    2020/11/10 18:27:10 [DB]     || user[102450512] update
[INFO]    2020/11/10 18:27:18 [MESS]   || user[102450512] 🏋 Общая ЧТ 19:30
[INFO]    2020/11/10 18:27:18 [DB]     || user[102450512] select
[INFO]    2020/11/10 18:27:19 [DB]     || user[102450512] update
[INFO]    2020/11/10 18:27:27 [MESS]   || user[102450512] 🤸‍♂️ Мои тренировки
[INFO]    2020/11/10 18:27:27 [DB]     || user[102450512] select
[INFO]    2020/11/10 18:27:35 [MESS]   || user[102450512] 🏃🏻‍♂️ Лонгран ПН 19:00
[INFO]    2020/11/10 18:27:35 [DB]     || user[102450512] select
[INFO]    2020/11/10 18:27:36 [DB]     || user[102450512] update
[INFO]    2020/11/10 18:27:37 [MESS]   || user[102450512] 🏃🏻‍♂️ Лонгран ПН 19:00
[INFO]    2020/11/10 18:27:37 [DB]     || user[102450512] select
[INFO]    2020/11/10 18:27:38 [DB]     || user[102450512] update
----------------------------------------
[INFO]    2020/11/10 18:34:24 [SUCCES] || get project configuration from ./config.yaml
[INFO]    2020/11/10 18:34:24 [SUCCES] || init database postgres
[INFO]    2020/11/10 18:34:25 [DB]     || DROP bot_users TABLE
[INFO]    2020/11/10 18:34:25 [DB]     || CREATE bot_users TABLE
[INFO]    2020/11/10 18:34:25 [SUCCES] || group[200132006] test_bot
[INFO]    2020/11/10 18:34:25 [SUCCES] || group[200132006] start long poll
[INFO]    2020/11/10 18:34:36 [MESS]   || user[205818633] ывлдао
[INFO]    2020/11/10 18:34:36 [DB]     || NEW user[205818633]
----------------------------------------
[INFO]    2020/11/10 18:40:16 [SUCCES] || get project configuration from ./config.yaml
[INFO]    2020/11/10 18:40:16 [SUCCES] || init database postgres
[INFO]    2020/11/10 18:40:17 [DB]     || DROP bot_users TABLE
[INFO]    2020/11/10 18:40:17 [DB]     || CREATE bot_users TABLE
[INFO]    2020/11/10 18:40:18 [SUCCES] || group[200132006] test_bot
[INFO]    2020/11/10 18:40:18 [SUCCES] || group[200132006] start long poll
[INFO]    2020/11/10 18:40:20 [MESS]   || user[205818633] фывадль
[INFO]    2020/11/10 18:40:20 [DB]     || NEW user[205818633]
[INFO]    2020/11/10 18:40:25 [MESS]   || user[205818633] ыдал
[INFO]    2020/11/10 18:40:25 [DB]     || user[205818633] select
----------------------------------------
[INFO]    2020/11/10 18:40:56 [SUCCES] || get project configuration from ./config.yaml
[INFO]    2020/11/10 18:40:56 [SUCCES] || init database postgres
[INFO]    2020/11/10 18:40:57 [DB]     || DROP bot_users TABLE
[INFO]    2020/11/10 18:40:57 [DB]     || CREATE bot_users TABLE
[INFO]    2020/11/10 18:40:57 [SUCCES] || group[200132006] test_bot
[INFO]    2020/11/10 18:40:57 [SUCCES] || group[200132006] start long poll
[INFO]    2020/11/10 18:40:58 [MESS]   || user[205818633] ыфдлво
[INFO]    2020/11/10 18:40:59 [DB]     || NEW user[205818633]
----------------------------------------
[INFO]    2020/11/10 18:41:25 [SUCCES] || get project configuration from ./config.yaml
[INFO]    2020/11/10 18:41:25 [SUCCES] || init database postgres
[INFO]    2020/11/10 18:41:27 [DB]     || DROP bot_users TABLE
[INFO]    2020/11/10 18:41:27 [DB]     || CREATE bot_users TABLE
[INFO]    2020/11/10 18:41:27 [SUCCES] || group[200132006] test_bot
[INFO]    2020/11/10 18:41:27 [SUCCES] || group[200132006] start long poll
[INFO]    2020/11/10 18:41:29 [MESS]   || user[205818633] длыфьав
[INFO]    2020/11/10 18:41:29 [DB]     || NEW user[205818633]
[INFO]    2020/11/10 18:42:35 [MESS]   || user[205818633] 🏃🏻‍♂️ 1Лонгран ПН 19:00
[INFO]    2020/11/10 18:42:35 [DB]     || user[205818633] select
[INFO]    2020/11/10 18:42:35 [DB]     || user[205818633] update
[INFO]    2020/11/10 18:42:37 [MESS]   || user[205818633] 🏋 Общая ЧТ 19:30
[INFO]    2020/11/10 18:42:37 [DB]     || user[205818633] select
[INFO]    2020/11/10 18:42:37 [DB]     || user[205818633] update
[INFO]    2020/11/10 18:42:39 [MESS]   || user[205818633] 🤸‍♂️ Мои тренировки
[INFO]    2020/11/10 18:42:39 [DB]     || user[205818633] select
[INFO]    2020/11/10 18:42:57 [MESS]   || user[102450512] 🏋 Общая ВТ 19:30
[INFO]    2020/11/10 18:42:57 [DB]     || NEW user[102450512]
[INFO]    2020/11/10 18:42:57 [DB]     || user[102450512] update
[INFO]    2020/11/10 18:43:00 [MESS]   || user[102450512] 🏃🏻‍♂️ 2Лонгран ПН 19:00
[INFO]    2020/11/10 18:43:00 [DB]     || user[102450512] select
[INFO]    2020/11/10 18:43:00 [DB]     || user[102450512] update
[INFO]    2020/11/10 18:43:05 [MESS]   || user[102450512] 📅 Расписание
[INFO]    2020/11/10 18:43:05 [DB]     || user[102450512] select
[INFO]    2020/11/10 18:43:13 [MESS]   || user[205818633] 📅 Расписание
[INFO]    2020/11/10 18:43:13 [DB]     || user[205818633] select
[INFO]    2020/11/10 18:43:48 [MESS]   || user[102450512] 🏃🏻‍♂️ 1Лонгран ПН 19:00
[INFO]    2020/11/10 18:43:48 [DB]     || user[102450512] select
[INFO]    2020/11/10 18:43:48 [DB]     || user[102450512] update
[INFO]    2020/11/10 18:43:52 [MESS]   || user[102450512] 🏃🏻‍♂️ 2Лонгран ПН 19:00
[INFO]    2020/11/10 18:43:52 [DB]     || user[102450512] select
[INFO]    2020/11/10 18:43:52 [DB]     || user[102450512] update
[INFO]    2020/11/10 18:43:55 [MESS]   || user[102450512] 🏃🏻‍♂️ 2Лонгран ПН 19:00
[INFO]    2020/11/10 18:43:55 [DB]     || user[102450512] select
[INFO]    2020/11/10 18:43:55 [DB]     || user[102450512] update
[INFO]    2020/11/10 18:43:57 [MESS]   || user[102450512] 🤸‍♂️ Мои тренировки
[INFO]    2020/11/10 18:43:57 [DB]     || user[102450512] select
[INFO]    2020/11/10 18:45:32 [MESS]   || user[102450512] 🏋 Общая ВТ 19:30
[INFO]    2020/11/10 18:45:32 [DB]     || user[102450512] select
[INFO]    2020/11/10 18:45:32 [DB]     || user[102450512] update
[INFO]    2020/11/10 18:45:34 [MESS]   || user[102450512] 🏃🏻‍♂️ 2Лонгран ПН 19:00
[INFO]    2020/11/10 18:45:34 [DB]     || user[102450512] select
[INFO]    2020/11/10 18:45:34 [DB]     || user[102450512] update
----------------------------------------
[INFO]    2020/11/10 18:51:30 [SUCCES] || get project configuration from ./config.yaml
[INFO]    2020/11/10 18:51:30 [SUCCES] || init database postgres
[INFO]    2020/11/10 18:51:31 [DB]     || DROP bot_users TABLE
[INFO]    2020/11/10 18:51:31 [DB]     || CREATE bot_users TABLE
[INFO]    2020/11/10 18:51:31 [SUCCES] || group[200132006] test_bot
[INFO]    2020/11/10 18:51:31 [SUCCES] || group[200132006] start long poll
[INFO]    2020/11/10 18:51:37 [MESS]   || user[205818633] 📅 Расписание
[INFO]    2020/11/10 18:51:37 [DB]     || NEW user[205818633]
[INFO]    2020/11/10 18:51:41 [MESS]   || user[205818633] 🏃🏻‍♂️ Лонгран ПН 19:00
[INFO]    2020/11/10 18:51:41 [DB]     || user[205818633] select
[INFO]    2020/11/10 18:51:41 [DB]     || user[205818633] update
[INFO]    2020/11/10 18:51:44 [MESS]   || user[205818633] 🤸‍♂️ Мои тренировки
[INFO]    2020/11/10 18:51:44 [DB]     || user[205818633] select
----------------------------------------
[INFO]    2020/11/10 19:15:53 [SUCCES] || get project configuration from ./config.yaml
[INFO]    2020/11/10 19:15:53 [SUCCES] || init database postgres
[INFO]    2020/11/10 19:15:54 [DB]     || DROP bot_users TABLE
[INFO]    2020/11/10 19:15:54 [DB]     || CREATE bot_users TABLE
[INFO]    2020/11/10 19:15:54 [SUCCES] || group[200132006] test_bot
[INFO]    2020/11/10 19:15:54 [SUCCES] || group[200132006] start long poll
----------------------------------------
[INFO]    2020/11/10 19:17:13 [SUCCES] || get project configuration from ./config.yaml
[INFO]    2020/11/10 19:17:13 [SUCCES] || init database postgres
[INFO]    2020/11/10 19:17:14 [DB]     || DROP bot_users TABLE
[INFO]    2020/11/10 19:17:14 [DB]     || CREATE bot_users TABLE
[WARNING] 2020/11/10 19:17:14 start notice
[INFO]    2020/11/10 19:17:14 [SUCCES] || group[200132006] test_bot
[INFO]    2020/11/10 19:17:14 [SUCCES] || group[200132006] start long poll
----------------------------------------
[INFO]    2020/11/10 19:18:15 [SUCCES] || get project configuration from ./config.yaml
[INFO]    2020/11/10 19:18:15 [SUCCES] || init database postgres
[INFO]    2020/11/10 19:18:16 [DB]     || DROP bot_users TABLE
[INFO]    2020/11/10 19:18:16 [DB]     || CREATE bot_users TABLE
[INFO]    2020/11/10 19:18:17 [SUCCES] || group[200132006] test_bot
[INFO]    2020/11/10 19:18:17 [SUCCES] || group[200132006] start long poll
[INFO]    2020/11/10 19:18:29 [MESS]   || user[205818633] notice
[INFO]    2020/11/10 19:18:30 [DB]     || NEW user[205818633]
[WARNING] 2020/11/10 19:18:30 start notice
[INFO]    2020/11/10 19:18:34 [MESS]   || user[205818633] 🏃🏻‍♂️ Лонгран ПН 19:00
[INFO]    2020/11/10 19:18:34 [DB]     || user[205818633] select
[INFO]    2020/11/10 19:18:34 [DB]     || user[205818633] update
[INFO]    2020/11/10 19:18:36 [MESS]   || user[205818633] 🏃🏻‍♂️ Лонгран ВС 9:00(9:20)
[INFO]    2020/11/10 19:18:36 [DB]     || user[205818633] select
[INFO]    2020/11/10 19:18:36 [DB]     || user[205818633] update
[INFO]    2020/11/10 19:18:40 [MESS]   || user[205818633] notice
[INFO]    2020/11/10 19:18:40 [DB]     || user[205818633] select
[WARNING] 2020/11/10 19:18:40 start notice
[INFO]    2020/11/10 19:19:00 [MESS]   || user[205818633] 🏋 Общая ВТ 19:30
[INFO]    2020/11/10 19:19:00 [DB]     || user[205818633] select
[INFO]    2020/11/10 19:19:00 [DB]     || user[205818633] update
[INFO]    2020/11/10 19:19:01 [MESS]   || user[205818633] 🏃🏻‍♂️ Лонгран СР 19:00
[INFO]    2020/11/10 19:19:02 [DB]     || user[205818633] select
[INFO]    2020/11/10 19:19:02 [DB]     || user[205818633] update
[INFO]    2020/11/10 19:19:05 [MESS]   || user[205818633] notice
[INFO]    2020/11/10 19:19:05 [DB]     || user[205818633] select
[WARNING] 2020/11/10 19:19:05 start notice
[INFO]    2020/11/10 19:19:11 [MESS]   || user[205818633] 🏃🏻‍♂️ Лонгран ВС 9:00(9:20)
[INFO]    2020/11/10 19:19:11 [DB]     || user[205818633] select
[INFO]    2020/11/10 19:19:11 [DB]     || user[205818633] update
[INFO]    2020/11/10 19:19:13 [MESS]   || user[205818633] 🏃🏻‍♂️ Лонгран СР 19:00
[INFO]    2020/11/10 19:19:13 [DB]     || user[205818633] select
[INFO]    2020/11/10 19:19:13 [DB]     || user[205818633] update
[INFO]    2020/11/10 19:19:15 [MESS]   || user[205818633] 🏋 Общая ВТ 19:30
[INFO]    2020/11/10 19:19:15 [DB]     || user[205818633] select
[INFO]    2020/11/10 19:19:15 [DB]     || user[205818633] update
[INFO]    2020/11/10 19:19:16 [MESS]   || user[205818633] 🏃🏻‍♂️ Лонгран ПН 19:00
[INFO]    2020/11/10 19:19:16 [DB]     || user[205818633] select
[INFO]    2020/11/10 19:19:17 [DB]     || user[205818633] update
[INFO]    2020/11/10 19:19:24 [MESS]   || user[205818633] notice
[INFO]    2020/11/10 19:19:24 [DB]     || user[205818633] select
[WARNING] 2020/11/10 19:19:24 start notice
----------------------------------------
[INFO]    2020/11/10 19:21:34 [SUCCES] || get project configuration from ./config.yaml
[INFO]    2020/11/10 19:21:34 [SUCCES] || init database postgres
[INFO]    2020/11/10 19:21:36 [DB]     || DROP bot_users TABLE
[INFO]    2020/11/10 19:21:36 [DB]     || CREATE bot_users TABLE
[INFO]    2020/11/10 19:21:36 [SUCCES] || group[200132006] test_bot
[INFO]    2020/11/10 19:21:36 [SUCCES] || group[200132006] start long poll
[INFO]    2020/11/10 19:21:37 [MESS]   || user[205818633] 🏃🏻‍♂️ Лонгран ПН 19:00
[INFO]    2020/11/10 19:21:37 [DB]     || NEW user[205818633]
[INFO]    2020/11/10 19:21:37 [DB]     || user[205818633] update
[INFO]    2020/11/10 19:21:42 [MESS]   || user[205818633] notice
[INFO]    2020/11/10 19:21:42 [DB]     || user[205818633] select
[WARNING] 2020/11/10 19:21:42 start notice
[INFO]    2020/11/10 19:21:47 [MESS]   || user[205818633] 🏃🏻‍♂️ Лонгран ВС 9:00(9:20)
[INFO]    2020/11/10 19:21:47 [DB]     || user[205818633] select
[INFO]    2020/11/10 19:21:48 [DB]     || user[205818633] update
[INFO]    2020/11/10 19:21:53 [MESS]   || user[205818633] notice
[INFO]    2020/11/10 19:21:53 [DB]     || user[205818633] select
[WARNING] 2020/11/10 19:21:53 start notice
[INFO]    2020/11/10 19:22:43 [MESS]   || user[102450512] пп
[INFO]    2020/11/10 19:22:43 [DB]     || NEW user[102450512]
[INFO]    2020/11/10 19:22:45 [MESS]   || user[102450512] 🏃🏻‍♂️ Лонгран ПН 19:00
[INFO]    2020/11/10 19:22:45 [DB]     || user[102450512] select
[INFO]    2020/11/10 19:22:46 [DB]     || user[102450512] update
[INFO]    2020/11/10 19:22:49 [MESS]   || user[102450512] 🏋 Общая ВТ 19:30
[INFO]    2020/11/10 19:22:49 [DB]     || user[102450512] select
[INFO]    2020/11/10 19:22:49 [DB]     || user[102450512] update
[INFO]    2020/11/10 19:22:51 [MESS]   || user[102450512] 🏋 Общая ЧТ 19:30
[INFO]    2020/11/10 19:22:51 [DB]     || user[102450512] select
[INFO]    2020/11/10 19:22:51 [DB]     || user[102450512] update
[INFO]    2020/11/10 19:22:53 [MESS]   || user[102450512] 🤸‍♂️ Мои тренировки
[INFO]    2020/11/10 19:22:53 [DB]     || user[102450512] select
[INFO]    2020/11/10 19:22:58 [MESS]   || user[102450512] 🤸‍♂️ Мои тренировки
[INFO]    2020/11/10 19:22:59 [DB]     || user[102450512] select
[INFO]    2020/11/10 19:23:03 [MESS]   || user[205818633] notice
[INFO]    2020/11/10 19:23:03 [DB]     || user[205818633] select
[WARNING] 2020/11/10 19:23:03 start notice
[INFO]    2020/11/10 19:23:11 [MESS]   || user[102450512] 🏃🏻‍♂️ Лонгран ПН 19:00
[INFO]    2020/11/10 19:23:11 [DB]     || user[102450512] select
[INFO]    2020/11/10 19:23:11 [DB]     || user[102450512] update
[INFO]    2020/11/10 19:23:12 [MESS]   || user[102450512] 🏃🏻‍♂️ Лонгран ПН 19:00
[INFO]    2020/11/10 19:23:12 [DB]     || user[102450512] select
[INFO]    2020/11/10 19:23:13 [DB]     || user[102450512] update
[INFO]    2020/11/10 19:23:36 [MESS]   || user[205818633] notice
[INFO]    2020/11/10 19:23:36 [DB]     || user[205818633] select
[WARNING] 2020/11/10 19:23:36 start notice
[INFO]    2020/11/10 19:23:41 [MESS]   || user[205818633] 🏋 Общая ВТ 19:30
[INFO]    2020/11/10 19:23:42 [DB]     || user[205818633] select
[INFO]    2020/11/10 19:23:42 [DB]     || user[205818633] update
[INFO]    2020/11/10 19:23:50 [MESS]   || user[205818633] notice
[INFO]    2020/11/10 19:23:51 [DB]     || user[205818633] select
[WARNING] 2020/11/10 19:23:51 start notice
[INFO]    2020/11/10 19:23:57 [MESS]   || user[205818633] ksdjf
[INFO]    2020/11/10 19:23:57 [DB]     || user[205818633] select
[INFO]    2020/11/10 19:24:02 [MESS]   || user[205818633] notice
[INFO]    2020/11/10 19:24:02 [DB]     || user[205818633] select
[WARNING] 2020/11/10 19:24:02 start notice
----------------------------------------
[INFO]    2020/11/10 19:26:47 [SUCCES] || get project configuration from ./config.yaml
[INFO]    2020/11/10 19:26:47 [SUCCES] || init database postgres
[INFO]    2020/11/10 19:26:48 [DB]     || DROP bot_users TABLE
[INFO]    2020/11/10 19:26:48 [DB]     || CREATE bot_users TABLE
[INFO]    2020/11/10 19:26:48 [SUCCES] || group[200132006] test_bot
[INFO]    2020/11/10 19:26:48 [SUCCES] || group[200132006] start long poll
[INFO]    2020/11/10 19:26:51 [MESS]   || user[205818633] askld
[INFO]    2020/11/10 19:26:52 [DB]     || NEW user[205818633]
[INFO]    2020/11/10 19:27:00 [MESS]   || user[205818633] notice
[INFO]    2020/11/10 19:27:01 [DB]     || user[205818633] select
[WARNING] 2020/11/10 19:27:01 start notice
----------------------------------------
[INFO]    2020/11/10 19:27:47 [SUCCES] || get project configuration from ./config.yaml
[INFO]    2020/11/10 19:27:47 [SUCCES] || init database postgres
[INFO]    2020/11/10 19:27:48 [DB]     || DROP bot_users TABLE
[INFO]    2020/11/10 19:27:48 [DB]     || CREATE bot_users TABLE
[INFO]    2020/11/10 19:27:48 [SUCCES] || group[200132006] test_bot
[INFO]    2020/11/10 19:27:48 [SUCCES] || group[200132006] start long poll
[INFO]    2020/11/10 19:27:51 [MESS]   || user[205818633] skdf
[INFO]    2020/11/10 19:27:51 [DB]     || NEW user[205818633]
[INFO]    2020/11/10 19:27:53 [MESS]   || user[205818633] 🏃🏻‍♂️ Лонгран ПН 19:00
[INFO]    2020/11/10 19:27:53 [DB]     || user[205818633] select
[INFO]    2020/11/10 19:27:54 [DB]     || user[205818633] update
[INFO]    2020/11/10 19:27:56 [MESS]   || user[205818633] notice
[INFO]    2020/11/10 19:27:56 [DB]     || user[205818633] select
[WARNING] 2020/11/10 19:27:56 start notice
----------------------------------------
[INFO]    2020/11/10 19:28:39 [SUCCES] || get project configuration from ./config.yaml
[INFO]    2020/11/10 19:28:39 [SUCCES] || init database postgres
[INFO]    2020/11/10 19:28:40 [DB]     || DROP bot_users TABLE
[INFO]    2020/11/10 19:28:40 [DB]     || CREATE bot_users TABLE
[INFO]    2020/11/10 19:28:40 [SUCCES] || group[200132006] test_bot
[INFO]    2020/11/10 19:28:40 [SUCCES] || group[200132006] start long poll
[INFO]    2020/11/10 19:28:43 [MESS]   || user[205818633] sl
[INFO]    2020/11/10 19:28:43 [DB]     || NEW user[205818633]
[INFO]    2020/11/10 19:28:46 [MESS]   || user[205818633] notice
[INFO]    2020/11/10 19:28:46 [DB]     || user[205818633] select
[WARNING] 2020/11/10 19:28:46 start notice
[INFO]    2020/11/10 19:28:50 [MESS]   || user[205818633] slkdf
[INFO]    2020/11/10 19:28:50 [DB]     || user[205818633] select
[INFO]    2020/11/10 19:28:54 [MESS]   || user[205818633] notice
[INFO]    2020/11/10 19:28:55 [DB]     || user[205818633] select
[WARNING] 2020/11/10 19:28:55 start notice
[INFO]    2020/11/10 19:28:57 [MESS]   || user[205818633] 🏃🏻‍♂️ Лонгран СР 19:00
[INFO]    2020/11/10 19:28:57 [DB]     || user[205818633] select
[INFO]    2020/11/10 19:28:57 [DB]     || user[205818633] update
[INFO]    2020/11/10 19:29:00 [MESS]   || user[205818633] notice
[INFO]    2020/11/10 19:29:00 [DB]     || user[205818633] select
[WARNING] 2020/11/10 19:29:00 start notice
----------------------------------------
[INFO]    2020/11/10 19:31:34 [SUCCES] || get project configuration from ./config.yaml
[INFO]    2020/11/10 19:31:34 [SUCCES] || init database postgres
[INFO]    2020/11/10 19:31:35 [DB]     || DROP bot_users TABLE
[INFO]    2020/11/10 19:31:35 [DB]     || CREATE bot_users TABLE
[INFO]    2020/11/10 19:31:35 [DB]     || NEW user[1]
[INFO]    2020/11/10 19:31:35 [DB]     || NEW user[109281]
[INFO]    2020/11/10 19:31:36 [SUCCES] || group[200132006] test_bot
[INFO]    2020/11/10 19:31:36 [SUCCES] || group[200132006] start long poll
[INFO]    2020/11/10 19:31:37 [MESS]   || user[205818633] 🏃🏻‍♂️ Лонгран ПН 19:00
[INFO]    2020/11/10 19:31:37 [DB]     || NEW user[205818633]
[INFO]    2020/11/10 19:31:38 [DB]     || user[205818633] update
[INFO]    2020/11/10 19:31:39 [MESS]   || user[205818633] 🤸‍♂️ Мои тренировки
[INFO]    2020/11/10 19:31:39 [DB]     || user[205818633] select
[INFO]    2020/11/10 19:31:42 [MESS]   || user[205818633] notice
[INFO]    2020/11/10 19:31:42 [DB]     || user[205818633] select
[WARNING] 2020/11/10 19:31:42 start notice
[INFO]    2020/11/10 19:31:48 [MESS]   || user[205818633] skdf
[INFO]    2020/11/10 19:31:48 [DB]     || user[205818633] select
[INFO]    2020/11/10 19:31:51 [MESS]   || user[205818633] notice
[INFO]    2020/11/10 19:31:51 [DB]     || user[205818633] select
[WARNING] 2020/11/10 19:31:51 start notice
----------------------------------------
[INFO]    2020/11/10 19:33:17 [SUCCES] || get project configuration from ./config.yaml
[INFO]    2020/11/10 19:33:17 [SUCCES] || init database postgres
[INFO]    2020/11/10 19:33:18 [DB]     || DROP bot_users TABLE
[INFO]    2020/11/10 19:33:18 [DB]     || CREATE bot_users TABLE
[INFO]    2020/11/10 19:33:18 [DB]     || NEW user[1]
[INFO]    2020/11/10 19:33:19 [DB]     || NEW user[109281]
[INFO]    2020/11/10 19:33:19 [SUCCES] || group[200132006] test_bot
[INFO]    2020/11/10 19:33:19 [SUCCES] || group[200132006] start long poll
[INFO]    2020/11/10 19:33:24 [MESS]   || user[205818633] notice
[INFO]    2020/11/10 19:33:24 [DB]     || NEW user[205818633]
[WARNING] 2020/11/10 19:33:24 start notice
[INFO]    2020/11/10 19:33:37 [MESS]   || user[205818633] 🏃🏻‍♂️ Лонгран СР 19:00
[INFO]    2020/11/10 19:33:38 [DB]     || user[205818633] select
[INFO]    2020/11/10 19:33:38 [DB]     || user[205818633] update
[INFO]    2020/11/10 19:33:39 [MESS]   || user[205818633] 🏃🏻‍♂️ Лонгран ВС 9:00(9:20)
[INFO]    2020/11/10 19:33:39 [DB]     || user[205818633] select
[INFO]    2020/11/10 19:33:40 [DB]     || user[205818633] update
[INFO]    2020/11/10 19:33:43 [MESS]   || user[205818633] notice
[INFO]    2020/11/10 19:33:43 [DB]     || user[205818633] select
[WARNING] 2020/11/10 19:33:43 start notice
----------------------------------------
[INFO]    2020/11/10 19:35:53 [SUCCES] || get project configuration from ./config.yaml
[INFO]    2020/11/10 19:35:53 [SUCCES] || init database postgres
[INFO]    2020/11/10 19:35:54 [DB]     || DROP bot_users TABLE
[INFO]    2020/11/10 19:35:54 [DB]     || CREATE bot_users TABLE
[INFO]    2020/11/10 19:35:54 [DB]     || NEW user[1]
[INFO]    2020/11/10 19:35:54 [DB]     || NEW user[109281]
[INFO]    2020/11/10 19:35:55 [SUCCES] || group[200132006] test_bot
[INFO]    2020/11/10 19:35:55 [SUCCES] || group[200132006] start long poll
[INFO]    2020/11/10 19:35:59 [MESS]   || user[205818633] notice
[INFO]    2020/11/10 19:35:59 [DB]     || NEW user[205818633]
[WARNING] 2020/11/10 19:35:59 start notice
[INFO]    2020/11/10 19:36:05 [MESS]   || user[205818633] 🏋 Общая ЧТ 19:30
[INFO]    2020/11/10 19:36:05 [DB]     || user[205818633] select
[INFO]    2020/11/10 19:36:06 [DB]     || user[205818633] update
[INFO]    2020/11/10 19:36:09 [MESS]   || user[205818633] notice
[INFO]    2020/11/10 19:36:09 [DB]     || user[205818633] select
[WARNING] 2020/11/10 19:36:09 start notice
----------------------------------------
[INFO]    2020/11/10 19:40:50 [SUCCES] || get project configuration from ./config.yaml
[INFO]    2020/11/10 19:40:50 [SUCCES] || init database postgres
[INFO]    2020/11/10 19:40:51 [DB]     || DROP bot_users TABLE
[INFO]    2020/11/10 19:40:51 [DB]     || CREATE bot_users TABLE
[INFO]    2020/11/10 19:40:51 [DB]     || NEW user[1]
[INFO]    2020/11/10 19:40:51 [DB]     || NEW user[109281]
[INFO]    2020/11/10 19:40:51 [SUCCES] || group[200132006] test_bot
[INFO]    2020/11/10 19:40:51 [SUCCES] || group[200132006] start long poll
[INFO]    2020/11/10 19:40:54 [MESS]   || user[205818633] notice
[INFO]    2020/11/10 19:40:54 [DB]     || NEW user[205818633]
[WARNING] 2020/11/10 19:40:54 start notice
[INFO]    2020/11/10 19:41:05 [MESS]   || user[205818633] 🏃🏻‍♂️ Лонгран ПН 19:00
[INFO]    2020/11/10 19:41:05 [DB]     || user[205818633] select
[INFO]    2020/11/10 19:41:05 [DB]     || user[205818633] update
[INFO]    2020/11/10 19:41:12 [MESS]   || user[205818633] 🏋 Общая ЧТ 19:30
[INFO]    2020/11/10 19:41:12 [DB]     || user[205818633] select
[INFO]    2020/11/10 19:41:12 [DB]     || user[205818633] update
[INFO]    2020/11/10 19:41:13 [MESS]   || user[205818633] 🏋 Общая ВТ 19:30
[INFO]    2020/11/10 19:41:13 [DB]     || user[205818633] select
[INFO]    2020/11/10 19:41:13 [DB]     || user[205818633] update
[INFO]    2020/11/10 19:41:14 [MESS]   || user[205818633] 🏃🏻‍♂️ Лонгран ВС 9:00(9:20)
[INFO]    2020/11/10 19:41:14 [DB]     || user[205818633] select
[INFO]    2020/11/10 19:41:14 [DB]     || user[205818633] update
[INFO]    2020/11/10 19:41:15 [MESS]   || user[205818633] 🏃🏻‍♂️ Лонгран СР 19:00
[INFO]    2020/11/10 19:41:16 [DB]     || user[205818633] select
[INFO]    2020/11/10 19:41:16 [DB]     || user[205818633] update
[INFO]    2020/11/10 19:41:17 [MESS]   || user[205818633] 🏃🏻‍♂️ Лонгран ПТ 19:00
[INFO]    2020/11/10 19:41:17 [DB]     || user[205818633] select
[INFO]    2020/11/10 19:41:17 [DB]     || user[205818633] update
[INFO]    2020/11/10 19:41:22 [MESS]   || user[205818633] notice
[INFO]    2020/11/10 19:41:22 [DB]     || user[205818633] select
[WARNING] 2020/11/10 19:41:22 start notice
----------------------------------------
[INFO]    2020/11/10 19:41:51 [SUCCES] || get project configuration from ./config.yaml
[INFO]    2020/11/10 19:41:51 [SUCCES] || init database postgres
[INFO]    2020/11/10 19:41:52 [DB]     || DROP bot_users TABLE
[INFO]    2020/11/10 19:41:52 [DB]     || CREATE bot_users TABLE
[INFO]    2020/11/10 19:41:52 [DB]     || NEW user[1]
[INFO]    2020/11/10 19:41:52 [DB]     || NEW user[109281]
[INFO]    2020/11/10 19:41:53 [SUCCES] || group[200132006] test_bot
[INFO]    2020/11/10 19:41:53 [SUCCES] || group[200132006] start long poll
[INFO]    2020/11/10 19:41:54 [MESS]   || user[205818633] 🏃🏻‍♂️ Лонгран ПН 19:00
[INFO]    2020/11/10 19:41:54 [DB]     || NEW user[205818633]
[INFO]    2020/11/10 19:41:54 [DB]     || user[205818633] update
[INFO]    2020/11/10 19:41:57 [MESS]   || user[205818633] notice
[INFO]    2020/11/10 19:41:57 [DB]     || user[205818633] select
[WARNING] 2020/11/10 19:41:57 start notice
